<?xml version="1.0" encoding="UTF-8"?>
<testsuite name="com.homeproject.workplacelogger.WorkPlaceLoggerApplicationTests" tests="1" skipped="0" failures="1" errors="0" timestamp="2018-06-13T21:03:50" hostname="BENCE-RIG22" time="0.002">
  <properties/>
  <testcase name="contextLoads" classname="com.homeproject.workplacelogger.WorkPlaceLoggerApplicationTests" time="0.002">
    <failure message="java.lang.IllegalStateException: Failed to load ApplicationContext" type="java.lang.IllegalStateException">java.lang.IllegalStateException: Failed to load ApplicationContext
	at org.springframework.test.context.cache.DefaultCacheAwareContextLoaderDelegate.loadContext(DefaultCacheAwareContextLoaderDelegate.java:125)
	at org.springframework.test.context.support.DefaultTestContext.getApplicationContext(DefaultTestContext.java:108)
	at org.springframework.test.context.web.ServletTestExecutionListener.setUpRequestContextIfNecessary(ServletTestExecutionListener.java:190)
	at org.springframework.test.context.web.ServletTestExecutionListener.prepareTestInstance(ServletTestExecutionListener.java:132)
	at org.springframework.test.context.TestContextManager.prepareTestInstance(TestContextManager.java:246)
	at org.springframework.test.context.junit4.SpringJUnit4ClassRunner.createTest(SpringJUnit4ClassRunner.java:227)
	at org.springframework.test.context.junit4.SpringJUnit4ClassRunner$1.runReflectiveCall(SpringJUnit4ClassRunner.java:289)
	at org.junit.internal.runners.model.ReflectiveCallable.run(ReflectiveCallable.java:12)
	at org.springframework.test.context.junit4.SpringJUnit4ClassRunner.methodBlock(SpringJUnit4ClassRunner.java:291)
	at org.springframework.test.context.junit4.SpringJUnit4ClassRunner.runChild(SpringJUnit4ClassRunner.java:246)
	at org.springframework.test.context.junit4.SpringJUnit4ClassRunner.runChild(SpringJUnit4ClassRunner.java:97)
	at org.junit.runners.ParentRunner$3.run(ParentRunner.java:290)
	at org.junit.runners.ParentRunner$1.schedule(ParentRunner.java:71)
	at org.junit.runners.ParentRunner.runChildren(ParentRunner.java:288)
	at org.junit.runners.ParentRunner.access$000(ParentRunner.java:58)
	at org.junit.runners.ParentRunner$2.evaluate(ParentRunner.java:268)
	at org.springframework.test.context.junit4.statements.RunBeforeTestClassCallbacks.evaluate(RunBeforeTestClassCallbacks.java:61)
	at org.springframework.test.context.junit4.statements.RunAfterTestClassCallbacks.evaluate(RunAfterTestClassCallbacks.java:70)
	at org.junit.runners.ParentRunner.run(ParentRunner.java:363)
	at org.springframework.test.context.junit4.SpringJUnit4ClassRunner.run(SpringJUnit4ClassRunner.java:190)
	at org.gradle.api.internal.tasks.testing.junit.JUnitTestClassExecuter.runTestClass(JUnitTestClassExecuter.java:114)
	at org.gradle.api.internal.tasks.testing.junit.JUnitTestClassExecuter.execute(JUnitTestClassExecuter.java:57)
	at org.gradle.api.internal.tasks.testing.junit.JUnitTestClassProcessor.processTestClass(JUnitTestClassProcessor.java:66)
	at org.gradle.api.internal.tasks.testing.SuiteTestClassProcessor.processTestClass(SuiteTestClassProcessor.java:51)
	at java.base/jdk.internal.reflect.NativeMethodAccessorImpl.invoke0(Native Method)
	at java.base/jdk.internal.reflect.NativeMethodAccessorImpl.invoke(NativeMethodAccessorImpl.java:62)
	at java.base/jdk.internal.reflect.DelegatingMethodAccessorImpl.invoke(DelegatingMethodAccessorImpl.java:43)
	at java.base/java.lang.reflect.Method.invoke(Method.java:564)
	at org.gradle.internal.dispatch.ReflectionDispatch.dispatch(ReflectionDispatch.java:35)
	at org.gradle.internal.dispatch.ReflectionDispatch.dispatch(ReflectionDispatch.java:24)
	at org.gradle.internal.dispatch.ContextClassLoaderDispatch.dispatch(ContextClassLoaderDispatch.java:32)
	at org.gradle.internal.dispatch.ProxyDispatchAdapter$DispatchingInvocationHandler.invoke(ProxyDispatchAdapter.java:93)
	at com.sun.proxy.$Proxy1.processTestClass(Unknown Source)
	at org.gradle.api.internal.tasks.testing.worker.TestWorker.processTestClass(TestWorker.java:108)
	at java.base/jdk.internal.reflect.NativeMethodAccessorImpl.invoke0(Native Method)
	at java.base/jdk.internal.reflect.NativeMethodAccessorImpl.invoke(NativeMethodAccessorImpl.java:62)
	at java.base/jdk.internal.reflect.DelegatingMethodAccessorImpl.invoke(DelegatingMethodAccessorImpl.java:43)
	at java.base/java.lang.reflect.Method.invoke(Method.java:564)
	at org.gradle.internal.dispatch.ReflectionDispatch.dispatch(ReflectionDispatch.java:35)
	at org.gradle.internal.dispatch.ReflectionDispatch.dispatch(ReflectionDispatch.java:24)
	at org.gradle.internal.remote.internal.hub.MessageHubBackedObjectConnection$DispatchWrapper.dispatch(MessageHubBackedObjectConnection.java:146)
	at org.gradle.internal.remote.internal.hub.MessageHubBackedObjectConnection$DispatchWrapper.dispatch(MessageHubBackedObjectConnection.java:128)
	at org.gradle.internal.remote.internal.hub.MessageHub$Handler.run(MessageHub.java:404)
	at org.gradle.internal.concurrent.ExecutorPolicy$CatchAndRecordFailures.onExecute(ExecutorPolicy.java:63)
	at org.gradle.internal.concurrent.ManagedExecutorImpl$1.run(ManagedExecutorImpl.java:46)
	at java.base/java.util.concurrent.ThreadPoolExecutor.runWorker(ThreadPoolExecutor.java:1167)
	at java.base/java.util.concurrent.ThreadPoolExecutor$Worker.run(ThreadPoolExecutor.java:641)
	at org.gradle.internal.concurrent.ThreadFactoryImpl$ManagedThreadRunnable.run(ThreadFactoryImpl.java:55)
	at java.base/java.lang.Thread.run(Thread.java:844)
Caused by: org.springframework.beans.factory.UnsatisfiedDependencyException: Error creating bean with name 'activityServiceImpl': Unsatisfied dependency expressed through field 'activityRepository'; nested exception is org.springframework.beans.factory.NoSuchBeanDefinitionException: No qualifying bean of type 'com.homeproject.workplacelogger.Repository.ActivityRepository' available: expected at least 1 bean which qualifies as autowire candidate. Dependency annotations: {@org.springframework.beans.factory.annotation.Autowired(required=true)}
	at org.springframework.beans.factory.annotation.AutowiredAnnotationBeanPostProcessor$AutowiredFieldElement.inject(AutowiredAnnotationBeanPostProcessor.java:587)
	at org.springframework.beans.factory.annotation.InjectionMetadata.inject(InjectionMetadata.java:91)
	at org.springframework.beans.factory.annotation.AutowiredAnnotationBeanPostProcessor.postProcessPropertyValues(AutowiredAnnotationBeanPostProcessor.java:373)
	at org.springframework.beans.factory.support.AbstractAutowireCapableBeanFactory.populateBean(AbstractAutowireCapableBeanFactory.java:1348)
	at org.springframework.beans.factory.support.AbstractAutowireCapableBeanFactory.doCreateBean(AbstractAutowireCapableBeanFactory.java:578)
	at org.springframework.beans.factory.support.AbstractAutowireCapableBeanFactory.createBean(AbstractAutowireCapableBeanFactory.java:501)
	at org.springframework.beans.factory.support.AbstractBeanFactory.lambda$doGetBean$0(AbstractBeanFactory.java:317)
	at org.springframework.beans.factory.support.DefaultSingletonBeanRegistry.getSingleton(DefaultSingletonBeanRegistry.java:228)
	at org.springframework.beans.factory.support.AbstractBeanFactory.doGetBean(AbstractBeanFactory.java:315)
	at org.springframework.beans.factory.support.AbstractBeanFactory.getBean(AbstractBeanFactory.java:199)
	at org.springframework.beans.factory.support.DefaultListableBeanFactory.preInstantiateSingletons(DefaultListableBeanFactory.java:760)
	at org.springframework.context.support.AbstractApplicationContext.finishBeanFactoryInitialization(AbstractApplicationContext.java:869)
	at org.springframework.context.support.AbstractApplicationContext.refresh(AbstractApplicationContext.java:550)
	at org.springframework.boot.SpringApplication.refresh(SpringApplication.java:759)
	at org.springframework.boot.SpringApplication.refreshContext(SpringApplication.java:395)
	at org.springframework.boot.SpringApplication.run(SpringApplication.java:327)
	at org.springframework.boot.test.context.SpringBootContextLoader.loadContext(SpringBootContextLoader.java:139)
	at org.springframework.test.context.cache.DefaultCacheAwareContextLoaderDelegate.loadContextInternal(DefaultCacheAwareContextLoaderDelegate.java:99)
	at org.springframework.test.context.cache.DefaultCacheAwareContextLoaderDelegate.loadContext(DefaultCacheAwareContextLoaderDelegate.java:117)
	... 48 more
Caused by: org.springframework.beans.factory.NoSuchBeanDefinitionException: No qualifying bean of type 'com.homeproject.workplacelogger.Repository.ActivityRepository' available: expected at least 1 bean which qualifies as autowire candidate. Dependency annotations: {@org.springframework.beans.factory.annotation.Autowired(required=true)}
	at org.springframework.beans.factory.support.DefaultListableBeanFactory.raiseNoMatchingBeanFound(DefaultListableBeanFactory.java:1509)
	at org.springframework.beans.factory.support.DefaultListableBeanFactory.doResolveDependency(DefaultListableBeanFactory.java:1104)
	at org.springframework.beans.factory.support.DefaultListableBeanFactory.resolveDependency(DefaultListableBeanFactory.java:1065)
	at org.springframework.beans.factory.annotation.AutowiredAnnotationBeanPostProcessor$AutowiredFieldElement.inject(AutowiredAnnotationBeanPostProcessor.java:584)
	... 66 more
</failure>
  </testcase>
  <system-out><![CDATA[23:03:48.966 [Test worker] DEBUG org.springframework.test.context.junit4.SpringJUnit4ClassRunner - SpringJUnit4ClassRunner constructor called with [class com.homeproject.workplacelogger.WorkPlaceLoggerApplicationTests]
23:03:48.971 [Test worker] DEBUG org.springframework.test.context.BootstrapUtils - Instantiating CacheAwareContextLoaderDelegate from class [org.springframework.test.context.cache.DefaultCacheAwareContextLoaderDelegate]
23:03:48.976 [Test worker] DEBUG org.springframework.test.context.BootstrapUtils - Instantiating BootstrapContext using constructor [public org.springframework.test.context.support.DefaultBootstrapContext(java.lang.Class,org.springframework.test.context.CacheAwareContextLoaderDelegate)]
23:03:48.988 [Test worker] DEBUG org.springframework.test.context.BootstrapUtils - Instantiating TestContextBootstrapper for test class [com.homeproject.workplacelogger.WorkPlaceLoggerApplicationTests] from class [org.springframework.boot.test.context.SpringBootTestContextBootstrapper]
23:03:48.995 [Test worker] INFO org.springframework.boot.test.context.SpringBootTestContextBootstrapper - Neither @ContextConfiguration nor @ContextHierarchy found for test class [com.homeproject.workplacelogger.WorkPlaceLoggerApplicationTests], using SpringBootContextLoader
23:03:48.997 [Test worker] DEBUG org.springframework.test.context.support.AbstractContextLoader - Did not detect default resource location for test class [com.homeproject.workplacelogger.WorkPlaceLoggerApplicationTests]: class path resource [com/homeproject/workplacelogger/WorkPlaceLoggerApplicationTests-context.xml] does not exist
23:03:48.998 [Test worker] DEBUG org.springframework.test.context.support.AbstractContextLoader - Did not detect default resource location for test class [com.homeproject.workplacelogger.WorkPlaceLoggerApplicationTests]: class path resource [com/homeproject/workplacelogger/WorkPlaceLoggerApplicationTestsContext.groovy] does not exist
23:03:48.998 [Test worker] INFO org.springframework.test.context.support.AbstractContextLoader - Could not detect default resource locations for test class [com.homeproject.workplacelogger.WorkPlaceLoggerApplicationTests]: no resource found for suffixes {-context.xml, Context.groovy}.
23:03:48.998 [Test worker] INFO org.springframework.test.context.support.AnnotationConfigContextLoaderUtils - Could not detect default configuration classes for test class [com.homeproject.workplacelogger.WorkPlaceLoggerApplicationTests]: WorkPlaceLoggerApplicationTests does not declare any static, non-private, non-final, nested classes annotated with @Configuration.
23:03:49.022 [Test worker] DEBUG org.springframework.test.context.support.ActiveProfilesUtils - Could not find an 'annotation declaring class' for annotation type [org.springframework.test.context.ActiveProfiles] and class [com.homeproject.workplacelogger.WorkPlaceLoggerApplicationTests]
23:03:49.027 [Test worker] DEBUG org.springframework.core.env.StandardEnvironment - Adding PropertySource 'systemProperties' with lowest search precedence
23:03:49.027 [Test worker] DEBUG org.springframework.core.env.StandardEnvironment - Adding PropertySource 'systemEnvironment' with lowest search precedence
23:03:49.028 [Test worker] DEBUG org.springframework.core.env.StandardEnvironment - Initialized StandardEnvironment with PropertySources [MapPropertySource@1066655869 {name='systemProperties', properties={sun.desktop=windows, awt.toolkit=sun.awt.windows.WToolkit, java.specification.version=9, file.encoding.pkg=sun.io, sun.cpu.isalist=amd64, sun.jnu.encoding=Cp1252, org.gradle.test.worker=1, java.class.path=C:\\Users\\Bence\\.gradle\\caches\\4.5.1\\workerMain\\gradle-worker.jar;C:\\Users\\Bence\\Documents\\STSWorkspace\\WorkPlaceLogger\\build\\classes\\java\\test;C:\\Users\\Bence\\Documents\\STSWorkspace\\WorkPlaceLogger\\build\\resources\\test;C:\\Users\\Bence\\Documents\\STSWorkspace\\WorkPlaceLogger\\build\\classes\\java\\main;C:\\Users\\Bence\\Documents\\STSWorkspace\\WorkPlaceLogger\\build\\resources\\main;C:\\Users\\Bence\\.gradle\\caches\\modules-2\\files-2.1\\org.springframework.boot\\spring-boot-starter-data-jpa\\2.0.2.RELEASE\\a277d15c247684aaef38852a2e71b8b1ef7357e6\\spring-boot-starter-data-jpa-2.0.2.RELEASE.jar;C:\\Users\\Bence\\.gradle\\caches\\modules-2\\files-2.1\\org.springframework.boot\\spring-boot-starter-data-rest\\2.0.2.RELEASE\\1617ded563edcb560034293532d74a6c61132eea\\spring-boot-starter-data-rest-2.0.2.RELEASE.jar;C:\\Users\\Bence\\.gradle\\caches\\modules-2\\files-2.1\\org.springframework.boot\\spring-boot-starter-jdbc\\2.0.2.RELEASE\\f93c2459a06061f889b837d1c2503055df024778\\spring-boot-starter-jdbc-2.0.2.RELEASE.jar;C:\\Users\\Bence\\.gradle\\caches\\modules-2\\files-2.1\\org.springframework.boot\\spring-boot-starter-thymeleaf\\2.0.2.RELEASE\\1384e93480a1555897cfbec4592a41173acae714\\spring-boot-starter-thymeleaf-2.0.2.RELEASE.jar;C:\\Users\\Bence\\.gradle\\caches\\modules-2\\files-2.1\\org.springframework.boot\\spring-boot-starter-web\\2.0.2.RELEASE\\b6ef0cf4d0a7c6c7e93ff524b84cd1d8f87f67d9\\spring-boot-starter-web-2.0.2.RELEASE.jar;C:\\Users\\Bence\\.gradle\\caches\\modules-2\\files-2.1\\org.springframework.boot\\spring-boot-devtools\\2.0.2.RELEASE\\ed2b1c877b0c00ef7f961bd118e420a49de3c970\\spring-boot-devtools-2.0.2.RELEASE.jar;C:\\Users\\Bence\\.gradle\\caches\\modules-2\\files-2.1\\org.postgresql\\postgresql\\42.2.2\\7ebd60d15eec1f9e796d68212121d92e3dd566b2\\postgresql-42.2.2.jar;C:\\Users\\Bence\\.gradle\\caches\\modules-2\\files-2.1\\org.springframework.boot\\spring-boot-starter-test\\2.0.2.RELEASE\\d9e090412f318586e0f277e24740b79b58ef190b\\spring-boot-starter-test-2.0.2.RELEASE.jar;C:\\Users\\Bence\\.gradle\\caches\\modules-2\\files-2.1\\org.springframework.boot\\spring-boot-starter-aop\\2.0.2.RELEASE\\b0b0c7dcfdffaef1b04886c0279772905bc7e9d2\\spring-boot-starter-aop-2.0.2.RELEASE.jar;C:\\Users\\Bence\\.gradle\\caches\\modules-2\\files-2.1\\org.springframework.boot\\spring-boot-starter-json\\2.0.2.RELEASE\\5edda979838ced5314b8f58a958fe9d6b4b3badd\\spring-boot-starter-json-2.0.2.RELEASE.jar;C:\\Users\\Bence\\.gradle\\caches\\modules-2\\files-2.1\\org.springframework.boot\\spring-boot-starter\\2.0.2.RELEASE\\1cda94f0dfcf2b065191782a54b84d2abf96391\\spring-boot-starter-2.0.2.RELEASE.jar;C:\\Users\\Bence\\.gradle\\caches\\modules-2\\files-2.1\\org.hibernate\\hibernate-core\\5.2.17.Final\\f2dc36470e7a2ffcf6106bb1625ecf5b54bb5f65\\hibernate-core-5.2.17.Final.jar;C:\\Users\\Bence\\.gradle\\caches\\modules-2\\files-2.1\\javax.transaction\\javax.transaction-api\\1.2\\d81aff979d603edd90dcd8db2abc1f4ce6479e3e\\javax.transaction-api-1.2.jar;C:\\Users\\Bence\\.gradle\\caches\\modules-2\\files-2.1\\org.springframework.data\\spring-data-jpa\\2.0.7.RELEASE\\9f201f3d3435a9e5422e0edcff3475c46215ffb\\spring-data-jpa-2.0.7.RELEASE.jar;C:\\Users\\Bence\\.gradle\\caches\\modules-2\\files-2.1\\org.springframework\\spring-aspects\\5.0.6.RELEASE\\45a7631a64eb82625067587b9796d4418d9e0568\\spring-aspects-5.0.6.RELEASE.jar;C:\\Users\\Bence\\.gradle\\caches\\modules-2\\files-2.1\\org.springframework.data\\spring-data-rest-webmvc\\3.0.7.RELEASE\\684949215006f844591c6a8632356f483752fca0\\spring-data-rest-webmvc-3.0.7.RELEASE.jar;C:\\Users\\Bence\\.gradle\\caches\\modules-2\\files-2.1\\com.zaxxer\\HikariCP\\2.7.9\\a83113d2c091d0d0f853dad3217bd7df3beb6ae3\\HikariCP-2.7.9.jar;C:\\Users\\Bence\\.gradle\\caches\\modules-2\\files-2.1\\org.springframework\\spring-orm\\5.0.6.RELEASE\\7a08073597b79dfcd4db1cffa924f2b991a14a20\\spring-orm-5.0.6.RELEASE.jar;C:\\Users\\Bence\\.gradle\\caches\\modules-2\\files-2.1\\org.springframework\\spring-jdbc\\5.0.6.RELEASE\\7d4de1ee9b042774e09ceb88393e5a564e342729\\spring-jdbc-5.0.6.RELEASE.jar;C:\\Users\\Bence\\.gradle\\caches\\modules-2\\files-2.1\\org.thymeleaf\\thymeleaf-spring5\\3.0.9.RELEASE\\abf84efd83808a70d982d2790f7f3a7bd3a39cf4\\thymeleaf-spring5-3.0.9.RELEASE.jar;C:\\Users\\Bence\\.gradle\\caches\\modules-2\\files-2.1\\org.thymeleaf.extras\\thymeleaf-extras-java8time\\3.0.1.RELEASE\\d23760d1e53cd70c489ef40dc94ee6bd2371cceb\\thymeleaf-extras-java8time-3.0.1.RELEASE.jar;C:\\Users\\Bence\\.gradle\\caches\\modules-2\\files-2.1\\org.springframework.boot\\spring-boot-starter-tomcat\\2.0.2.RELEASE\\cedbfb18762e1c220007c768bfc5b773f5b30f8a\\spring-boot-starter-tomcat-2.0.2.RELEASE.jar;C:\\Users\\Bence\\.gradle\\caches\\modules-2\\files-2.1\\org.hibernate.validator\\hibernate-validator\\6.0.9.Final\\b149e4cce82379f11f6129eb3187ca8ae5404005\\hibernate-validator-6.0.9.Final.jar;C:\\Users\\Bence\\.gradle\\caches\\modules-2\\files-2.1\\org.springframework.data\\spring-data-rest-core\\3.0.7.RELEASE\\dd56b4f427987e1d5ab320eee6c3401e32557bb2\\spring-data-rest-core-3.0.7.RELEASE.jar;C:\\Users\\Bence\\.gradle\\caches\\modules-2\\files-2.1\\org.springframework.hateoas\\spring-hateoas\\0.24.0.RELEASE\\b6401a781a58e0b2ab95242a553683e04300fe69\\spring-hateoas-0.24.0.RELEASE.jar;C:\\Users\\Bence\\.gradle\\caches\\modules-2\\files-2.1\\org.springframework\\spring-webmvc\\5.0.6.RELEASE\\1361c5d1cf46665ee01de5dc1ca447c3be174c19\\spring-webmvc-5.0.6.RELEASE.jar;C:\\Users\\Bence\\.gradle\\caches\\modules-2\\files-2.1\\org.springframework\\spring-web\\5.0.6.RELEASE\\89e89de3025165998118590613aedc6df8d64af6\\spring-web-5.0.6.RELEASE.jar;C:\\Users\\Bence\\.gradle\\caches\\modules-2\\files-2.1\\org.springframework.boot\\spring-boot-test-autoconfigure\\2.0.2.RELEASE\\4993bdd96a4c02bc5b5703862d99ef4c563f25d0\\spring-boot-test-autoconfigure-2.0.2.RELEASE.jar;C:\\Users\\Bence\\.gradle\\caches\\modules-2\\files-2.1\\org.springframework.boot\\spring-boot-autoconfigure\\2.0.2.RELEASE\\f4b25e753e4955337a138d8b1550236b5efe5b3b\\spring-boot-autoconfigure-2.0.2.RELEASE.jar;C:\\Users\\Bence\\.gradle\\caches\\modules-2\\files-2.1\\org.springframework.boot\\spring-boot-test\\2.0.2.RELEASE\\fc85812e6543312a3b0ea9fbbdfd4a51183380a3\\spring-boot-test-2.0.2.RELEASE.jar;C:\\Users\\Bence\\.gradle\\caches\\modules-2\\files-2.1\\org.springframework.boot\\spring-boot\\2.0.2.RELEASE\\15012cf02e9f77938244e554f0598535fdd1cb38\\spring-boot-2.0.2.RELEASE.jar;C:\\Users\\Bence\\.gradle\\caches\\modules-2\\files-2.1\\com.jayway.jsonpath\\json-path\\2.4.0\\765a4401ceb2dc8d40553c2075eb80a8fa35c2ae\\json-path-2.4.0.jar;C:\\Users\\Bence\\.gradle\\caches\\modules-2\\files-2.1\\junit\\junit\\4.12\\2973d150c0dc1fefe998f834810d68f278ea58ec\\junit-4.12.jar;C:\\Users\\Bence\\.gradle\\caches\\modules-2\\files-2.1\\org.assertj\\assertj-core\\3.9.1\\c5ce126b15f28d56cd8f960c1a6a058b9c9aea87\\assertj-core-3.9.1.jar;C:\\Users\\Bence\\.gradle\\caches\\modules-2\\files-2.1\\org.mockito\\mockito-core\\2.15.0\\b84bfbbc29cd22c9529409627af6ea2897f4fa85\\mockito-core-2.15.0.jar;C:\\Users\\Bence\\.gradle\\caches\\modules-2\\files-2.1\\org.hamcrest\\hamcrest-library\\1.3\\4785a3c21320980282f9f33d0d1264a69040538f\\hamcrest-library-1.3.jar;C:\\Users\\Bence\\.gradle\\caches\\modules-2\\files-2.1\\org.hamcrest\\hamcrest-core\\1.3\\42a25dc3219429f0e5d060061f71acb49bf010a0\\hamcrest-core-1.3.jar;C:\\Users\\Bence\\.gradle\\caches\\modules-2\\files-2.1\\org.skyscreamer\\jsonassert\\1.5.0\\6c9d5fe2f59da598d9aefc1cfc6528ff3cf32df3\\jsonassert-1.5.0.jar;C:\\Users\\Bence\\.gradle\\caches\\modules-2\\files-2.1\\org.springframework\\spring-test\\5.0.6.RELEASE\\dbc99b288774b2e07d94bc14fe38d556bc3ed34a\\spring-test-5.0.6.RELEASE.jar;C:\\Users\\Bence\\.gradle\\caches\\modules-2\\files-2.1\\org.springframework.plugin\\spring-plugin-core\\1.2.0.RELEASE\\f380e7760032e7d929184f8ad8a33716b75c0657\\spring-plugin-core-1.2.0.RELEASE.jar;C:\\Users\\Bence\\.gradle\\caches\\modules-2\\files-2.1\\org.springframework\\spring-context\\5.0.6.RELEASE\\8b73b742ef0ddce04f0f1068f305de240b00ce0d\\spring-context-5.0.6.RELEASE.jar;C:\\Users\\Bence\\.gradle\\caches\\modules-2\\files-2.1\\org.springframework\\spring-tx\\5.0.6.RELEASE\\1b6ffc44f2d59507a0fce1084fcc21788b13904\\spring-tx-5.0.6.RELEASE.jar;C:\\Users\\Bence\\.gradle\\caches\\modules-2\\files-2.1\\org.springframework\\spring-aop\\5.0.6.RELEASE\\74078df698992054c1c1a8f705763a6c7b4b914c\\spring-aop-5.0.6.RELEASE.jar;C:\\Users\\Bence\\.gradle\\caches\\modules-2\\files-2.1\\org.springframework.data\\spring-data-commons\\2.0.7.RELEASE\\7faa0fb2ffa50a5c50ad9f10118095ae24d5c6e1\\spring-data-commons-2.0.7.RELEASE.jar;C:\\Users\\Bence\\.gradle\\caches\\modules-2\\files-2.1\\org.springframework\\spring-beans\\5.0.6.RELEASE\\d609b83cd8a71650a70778cf8d02c9a05b9161fe\\spring-beans-5.0.6.RELEASE.jar;C:\\Users\\Bence\\.gradle\\caches\\modules-2\\files-2.1\\org.springframework\\spring-expression\\5.0.6.RELEASE\\dec57ae5e6f0dfd4c6cfc199aa13ed268c3e1a65\\spring-expression-5.0.6.RELEASE.jar;C:\\Users\\Bence\\.gradle\\caches\\modules-2\\files-2.1\\org.springframework\\spring-core\\5.0.6.RELEASE\\984a52455b1be596b7f1a29f62d21d2f483eb764\\spring-core-5.0.6.RELEASE.jar;C:\\Users\\Bence\\.gradle\\caches\\modules-2\\files-2.1\\org.xmlunit\\xmlunit-core\\2.5.1\\4ffdb346572a7356f7521cd3119ce5287d2e339d\\xmlunit-core-2.5.1.jar;C:\\Users\\Bence\\.gradle\\caches\\modules-2\\files-2.1\\org.springframework.boot\\spring-boot-starter-logging\\2.0.2.RELEASE\\b56d7d1931792d6e58dbd41f956912359ba85238\\spring-boot-starter-logging-2.0.2.RELEASE.jar;C:\\Users\\Bence\\.gradle\\caches\\modules-2\\files-2.1\\javax.annotation\\javax.annotation-api\\1.3.2\\934c04d3cfef185a8008e7bf34331b79730a9d43\\javax.annotation-api-1.3.2.jar;C:\\Users\\Bence\\.gradle\\caches\\modules-2\\files-2.1\\org.yaml\\snakeyaml\\1.19\\2d998d3d674b172a588e54ab619854d073f555b5\\snakeyaml-1.19.jar;C:\\Users\\Bence\\.gradle\\caches\\modules-2\\files-2.1\\org.aspectj\\aspectjweaver\\1.8.13\\ad94df2a28d658a40dc27bbaff6a1ce5fbf04e9b\\aspectjweaver-1.8.13.jar;C:\\Users\\Bence\\.gradle\\caches\\modules-2\\files-2.1\\org.hibernate.common\\hibernate-commons-annotations\\5.0.1.Final\\71e1cff3fcb20d3b3af4f3363c3ddb24d33c6879\\hibernate-commons-annotations-5.0.1.Final.jar;C:\\Users\\Bence\\.gradle\\caches\\modules-2\\files-2.1\\org.jboss.logging\\jboss-logging\\3.3.2.Final\\3789d00e859632e6c6206adc0c71625559e6e3b0\\jboss-logging-3.3.2.Final.jar;C:\\Users\\Bence\\.gradle\\caches\\modules-2\\files-2.1\\org.hibernate.javax.persistence\\hibernate-jpa-2.1-api\\1.0.0.Final\\5e731d961297e5a07290bfaf3db1fbc8bbbf405a\\hibernate-jpa-2.1-api-1.0.0.Final.jar;C:\\Users\\Bence\\.gradle\\caches\\modules-2\\files-2.1\\org.javassist\\javassist\\3.22.0-GA\\3e83394258ae2089be7219b971ec21a8288528ad\\javassist-3.22.0-GA.jar;C:\\Users\\Bence\\.gradle\\caches\\modules-2\\files-2.1\\antlr\\antlr\\2.7.7\\83cd2cd674a217ade95a4bb83a8a14f351f48bd0\\antlr-2.7.7.jar;C:\\Users\\Bence\\.gradle\\caches\\modules-2\\files-2.1\\org.jboss\\jandex\\2.0.3.Final\\bfc4d6257dbff7a33a357f0de116be6ff951d849\\jandex-2.0.3.Final.jar;C:\\Users\\Bence\\.gradle\\caches\\modules-2\\files-2.1\\com.fasterxml\\classmate\\1.3.4\\3d5f48f10bbe4eb7bd862f10c0583be2e0053c6\\classmate-1.3.4.jar;C:\\Users\\Bence\\.gradle\\caches\\modules-2\\files-2.1\\dom4j\\dom4j\\1.6.1\\5d3ccc056b6f056dbf0dddfdf43894b9065a8f94\\dom4j-1.6.1.jar;C:\\Users\\Bence\\.gradle\\caches\\modules-2\\files-2.1\\org.thymeleaf\\thymeleaf\\3.0.9.RELEASE\\64185cca50ac808ad034841c84b4013f955465d2\\thymeleaf-3.0.9.RELEASE.jar;C:\\Users\\Bence\\.gradle\\caches\\modules-2\\files-2.1\\ch.qos.logback\\logback-classic\\1.2.3\\7c4f3c474fb2c041d8028740440937705ebb473a\\logback-classic-1.2.3.jar;C:\\Users\\Bence\\.gradle\\caches\\modules-2\\files-2.1\\org.apache.logging.log4j\\log4j-to-slf4j\\2.10.0\\f7e631ccf49cfc0aefa4a2a728da7d374c05bd3c\\log4j-to-slf4j-2.10.0.jar;C:\\Users\\Bence\\.gradle\\caches\\modules-2\\files-2.1\\org.slf4j\\jul-to-slf4j\\1.7.25\\af5364cd6679bfffb114f0dec8a157aaa283b76\\jul-to-slf4j-1.7.25.jar;C:\\Users\\Bence\\.gradle\\caches\\modules-2\\files-2.1\\org.slf4j\\slf4j-api\\1.7.25\\da76ca59f6a57ee3102f8f9bd9cee742973efa8a\\slf4j-api-1.7.25.jar;C:\\Users\\Bence\\.gradle\\caches\\modules-2\\files-2.1\\com.fasterxml.jackson.datatype\\jackson-datatype-jdk8\\2.9.5\\23e37f085279ba316c0df923513b81609e1d1f6\\jackson-datatype-jdk8-2.9.5.jar;C:\\Users\\Bence\\.gradle\\caches\\modules-2\\files-2.1\\com.fasterxml.jackson.datatype\\jackson-datatype-jsr310\\2.9.5\\d1f0d11e816bc04e222a261106ca138801841c2d\\jackson-datatype-jsr310-2.9.5.jar;C:\\Users\\Bence\\.gradle\\caches\\modules-2\\files-2.1\\com.fasterxml.jackson.module\\jackson-module-parameter-names\\2.9.5\\f824c60751ffb7bfc3a0d30dfe0e42317d8e67f5\\jackson-module-parameter-names-2.9.5.jar;C:\\Users\\Bence\\.gradle\\caches\\modules-2\\files-2.1\\com.fasterxml.jackson.core\\jackson-databind\\2.9.5\\3490508379d065fe3fcb80042b62f630f7588606\\jackson-databind-2.9.5.jar;C:\\Users\\Bence\\.gradle\\caches\\modules-2\\files-2.1\\com.fasterxml.jackson.core\\jackson-annotations\\2.9.0\\7c10d545325e3a6e72e06381afe469fd40eb701\\jackson-annotations-2.9.0.jar;C:\\Users\\Bence\\.gradle\\caches\\modules-2\\files-2.1\\org.apache.tomcat.embed\\tomcat-embed-websocket\\8.5.31\\6564e716b89de5eaa0dd234ae7989576503ddf3\\tomcat-embed-websocket-8.5.31.jar;C:\\Users\\Bence\\.gradle\\caches\\modules-2\\files-2.1\\org.apache.tomcat.embed\\tomcat-embed-core\\8.5.31\\f5adf7ed8c34aa005b22b6a2dc7b6796e10e9c79\\tomcat-embed-core-8.5.31.jar;C:\\Users\\Bence\\.gradle\\caches\\modules-2\\files-2.1\\org.apache.tomcat.embed\\tomcat-embed-el\\8.5.31\\3a536e1ac71b82627c3a7408eb38fa0704cb9034\\tomcat-embed-el-8.5.31.jar;C:\\Users\\Bence\\.gradle\\caches\\modules-2\\files-2.1\\javax.validation\\validation-api\\2.0.1.Final\\cb855558e6271b1b32e716d24cb85c7f583ce09e\\validation-api-2.0.1.Final.jar;C:\\Users\\Bence\\.gradle\\caches\\modules-2\\files-2.1\\net.minidev\\json-smart\\2.3\\7396407491352ce4fa30de92efb158adb76b5b\\json-smart-2.3.jar;C:\\Users\\Bence\\.gradle\\caches\\modules-2\\files-2.1\\net.bytebuddy\\byte-buddy\\1.7.11\\f02857a4e2c66ccbe7aaad6100a0a6c461bce9b3\\byte-buddy-1.7.11.jar;C:\\Users\\Bence\\.gradle\\caches\\modules-2\\files-2.1\\net.bytebuddy\\byte-buddy-agent\\1.7.11\\b425a8933ca07edd03c6dbc8bc3b595fba9780de\\byte-buddy-agent-1.7.11.jar;C:\\Users\\Bence\\.gradle\\caches\\modules-2\\files-2.1\\org.objenesis\\objenesis\\2.6\\639033469776fd37c08358c6b92a4761feb2af4b\\objenesis-2.6.jar;C:\\Users\\Bence\\.gradle\\caches\\modules-2\\files-2.1\\com.vaadin.external.google\\android-json\\0.0.20131108.vaadin1\\fa26d351fe62a6a17f5cda1287c1c6110dec413f\\android-json-0.0.20131108.vaadin1.jar;C:\\Users\\Bence\\.gradle\\caches\\modules-2\\files-2.1\\org.springframework\\spring-jcl\\5.0.6.RELEASE\\295ee4e8657e9c1fd327735c01d5fbce339cc44d\\spring-jcl-5.0.6.RELEASE.jar;C:\\Users\\Bence\\.gradle\\caches\\modules-2\\files-2.1\\com.fasterxml.jackson.core\\jackson-core\\2.9.5\\a22ac51016944b06fd9ffbc9541c6e7ce5eea117\\jackson-core-2.9.5.jar;C:\\Users\\Bence\\.gradle\\caches\\modules-2\\files-2.1\\org.atteo\\evo-inflector\\1.2.2\\2551aad98d65ac5464d81fe05f0e1516cfe471c9\\evo-inflector-1.2.2.jar;C:\\Users\\Bence\\.gradle\\caches\\modules-2\\files-2.1\\org.attoparser\\attoparser\\2.0.4.RELEASE\\5cf02c4d8303a81f0c80971bb1dcd40d3ba96009\\attoparser-2.0.4.RELEASE.jar;C:\\Users\\Bence\\.gradle\\caches\\modules-2\\files-2.1\\org.unbescape\\unbescape\\1.1.5.RELEASE\\46dc644ea9c234317d926ebac5bf5d8f114dc1ba\\unbescape-1.1.5.RELEASE.jar;C:\\Users\\Bence\\.gradle\\caches\\modules-2\\files-2.1\\net.minidev\\accessors-smart\\1.2\\c592b500269bfde36096641b01238a8350f8aa31\\accessors-smart-1.2.jar;C:\\Users\\Bence\\.gradle\\caches\\modules-2\\files-2.1\\ch.qos.logback\\logback-core\\1.2.3\\864344400c3d4d92dfeb0a305dc87d953677c03c\\logback-core-1.2.3.jar;C:\\Users\\Bence\\.gradle\\caches\\modules-2\\files-2.1\\org.apache.logging.log4j\\log4j-api\\2.10.0\\fec5797a55b786184a537abd39c3fa1449d752d6\\log4j-api-2.10.0.jar;C:\\Users\\Bence\\.gradle\\caches\\modules-2\\files-2.1\\org.ow2.asm\\asm\\5.0.4\\da08b8cce7bbf903602a25a3a163ae252435795\\asm-5.0.4.jar, java.vm.vendor=Oracle Corporation, sun.arch.data.model=64, user.variant=, java.vendor.url=http://java.oracle.com/, user.timezone=Europe/Prague, os.name=Windows 10, java.vm.specification.version=9, user.country=US, sun.java.launcher=SUN_STANDARD, sun.boot.library.path=C:\Program Files\Java\jdk-9.0.1\bin, sun.java.command=worker.org.gradle.process.internal.worker.GradleWorkerMain 'Gradle Test Executor 1', jdk.debug=release, sun.cpu.endian=little, user.home=C:\Users\Bence, user.language=en, java.specification.vendor=Oracle Corporation, org.gradle.native=false, java.home=C:\Program Files\Java\jdk-9.0.1, file.separator=\, java.vm.compressedOopsMode=Zero based, line.separator=
, java.specification.name=Java Platform API Specification, java.vm.specification.vendor=Oracle Corporation, java.awt.graphicsenv=sun.awt.Win32GraphicsEnvironment, user.script=, sun.management.compiler=HotSpot 64-Bit Tiered Compilers, java.runtime.version=9.0.1+11, user.name=Bence, path.separator=;, os.version=10.0, java.runtime.name=Java(TM) SE Runtime Environment, file.encoding=windows-1252, java.vm.name=Java HotSpot(TM) 64-Bit Server VM, java.vendor.url.bug=http://bugreport.java.com/bugreport/, java.io.tmpdir=C:\Users\Bence\AppData\Local\Temp\, java.version=9.0.1, user.dir=C:\Users\Bence\Documents\STSWorkspace\WorkPlaceLogger, os.arch=amd64, java.vm.specification.name=Java Virtual Machine Specification, java.awt.printerjob=sun.awt.windows.WPrinterJob, sun.os.patch.level=, java.library.path=C:\Program Files\Java\jdk-9.0.1\bin;C:\WINDOWS\Sun\Java\bin;C:\WINDOWS\system32;C:\WINDOWS;C:\Users\Bence\bin;C:\Program Files\Git\mingw64\bin;C:\Program Files\Git\usr\local\bin;C:\Program Files\Git\usr\bin;C:\Program Files\Git\usr\bin;C:\Program Files\Git\mingw64\bin;C:\Program Files\Git\usr\bin;C:\Users\Bence\bin;C:\ProgramData\Oracle\Java\javapath;C:\Program Files (x86)\Intel\iCLS Client;C:\Program Files\Intel\iCLS Client;C:\WINDOWS\system32;C:\WINDOWS;C:\WINDOWS\System32\Wbem;C:\WINDOWS\System32\WindowsPowerShell\v1.0;C:\Program Files (x86)\Intel\Intel(R) Management Engine Components\DAL;C:\Program Files\Intel\Intel(R) Management Engine Components\DAL;C:\Program Files (x86)\Intel\Intel(R) Management Engine Components\IPT;C:\Program Files\Intel\Intel(R) Management Engine Components\IPT;C:\Program Files (x86)\NVIDIA Corporation\PhysX\Common;C:\Program Files\MATLAB\R2016a\runtime\win64;C:\Program Files\MATLAB\R2016a\bin;C:\Program Files\MATLAB\R2016a\polyspace\bin;C:\Program Files (x86)\Brackets\command;C:\Program Files\Git\cmd;C:\Program Files\Git\mingw64\bin;C:\Program Files\Git\usr\bin;C:\Program Files\Java\jdk-9.0.1\bin;C:\WINDOWS\system32;C:\WINDOWS;C:\WINDOWS\System32\Wbem;C:\WINDOWS\System32\WindowsPowerShell\v1.0;C:\WINDOWS\System32\OpenSSH;C:\Program Files\Java\jdk-9.0.1\bin;C:\Users\Bence\AppData\Local\Microsoft\WindowsApps;C:\Program Files\Git\usr\bin\vendor_perl;C:\Program Files\Git\usr\bin\core_perl;., java.vm.info=mixed mode, java.vendor=Oracle Corporation, java.vm.version=9.0.1+11, sun.io.unicode.encoding=UnicodeLittle, java.class.version=53.0}}, SystemEnvironmentPropertySource@2056467082 {name='systemEnvironment', properties={PATH=C:\Users\Bence\bin;C:\Program Files\Git\mingw64\bin;C:\Program Files\Git\usr\local\bin;C:\Program Files\Git\usr\bin;C:\Program Files\Git\usr\bin;C:\Program Files\Git\mingw64\bin;C:\Program Files\Git\usr\bin;C:\Users\Bence\bin;C:\ProgramData\Oracle\Java\javapath;C:\Program Files (x86)\Intel\iCLS Client;C:\Program Files\Intel\iCLS Client;C:\WINDOWS\system32;C:\WINDOWS;C:\WINDOWS\System32\Wbem;C:\WINDOWS\System32\WindowsPowerShell\v1.0;C:\Program Files (x86)\Intel\Intel(R) Management Engine Components\DAL;C:\Program Files\Intel\Intel(R) Management Engine Components\DAL;C:\Program Files (x86)\Intel\Intel(R) Management Engine Components\IPT;C:\Program Files\Intel\Intel(R) Management Engine Components\IPT;C:\Program Files (x86)\NVIDIA Corporation\PhysX\Common;C:\Program Files\MATLAB\R2016a\runtime\win64;C:\Program Files\MATLAB\R2016a\bin;C:\Program Files\MATLAB\R2016a\polyspace\bin;C:\Program Files (x86)\Brackets\command;C:\Program Files\Git\cmd;C:\Program Files\Git\mingw64\bin;C:\Program Files\Git\usr\bin;C:\Program Files\Java\jdk-9.0.1\bin;C:\WINDOWS\system32;C:\WINDOWS;C:\WINDOWS\System32\Wbem;C:\WINDOWS\System32\WindowsPowerShell\v1.0;C:\WINDOWS\System32\OpenSSH;C:\Program Files\Java\jdk-9.0.1\bin;C:\Users\Bence\AppData\Local\Microsoft\WindowsApps;C:\Program Files\Git\usr\bin\vendor_perl;C:\Program Files\Git\usr\bin\core_perl, USERDOMAIN_ROAMINGPROFILE=BENCE-RIG22, PKG_CONFIG_PATH=C:\Program Files\Git\mingw64\lib\pkgconfig;C:\Program Files\Git\mingw64\share\pkgconfig, MSYSTEM_PREFIX=C:/Program Files/Git/mingw64, PROCESSOR_LEVEL=6, SYSTEMDRIVE=C:, CONFIG_SITE=C:/Program Files/Git/mingw64/etc/config.site, ALLUSERSPROFILE=C:\ProgramData, PROCESSOR_ARCHITECTURE=AMD64, __COMPAT_LAYER=RunAsAdmin, MSYSTEM_CHOST=x86_64-w64-mingw32, PSModulePath=C:\WINDOWS\system32\WindowsPowerShell\v1.0\Modules\;C:\Program Files\Intel\, ORIGINAL_TEMP=C:/Users/Bence/AppData/Local/Temp, PROGRAMFILES=C:\Program Files, USERNAME=Bence, PWD=C:/Users/Bence/Documents/STSWorkspace/WorkPlaceLogger, ProgramFiles(x86)=C:\Program Files (x86), INFOPATH=C:\Program Files\Git\usr\local\info;C:\Program Files\Git\usr\share\info;C:\Program Files\Git\usr\info;C:\Program Files\Git\share\info, PATHEXT=.COM;.EXE;.BAT;.CMD;.VBS;.VBE;.JS;.JSE;.WSF;.WSH;.MSC, SHELL=C:\Program Files\Git\usr\bin\bash.exe, DriverData=C:\Windows\System32\Drivers\DriverData, ORIGINAL_TMP=C:/Users/Bence/AppData/Local/Temp, OLDPWD=C:/Users/Bence/Documents/STSWorkspace/WorkPlaceLogger, TMPDIR=C:\Users\Bence\AppData\Local\Temp, WINDIR=C:\WINDOWS, ProgramData=C:\ProgramData, ProgramW6432=C:\Program Files, SSH_ASKPASS=C:/Program Files/Git/mingw64/libexec/git-core/git-gui--askpass, HOMEPATH=\Users\Bence, PROCESSOR_IDENTIFIER=Intel64 Family 6 Model 94 Stepping 3, GenuineIntel, PUBLIC=C:\Users\Public, MINGW_CHOST=x86_64-w64-mingw32, EXEPATH=C:\Program Files\Git, SHLVL=1, LOCALAPPDATA=C:\Users\Bence\AppData\Local, ORIGINAL_PATH=C:\Program Files\Git\mingw64\bin;C:\Program Files\Git\usr\bin;C:\Users\Bence\bin;C:\ProgramData\Oracle\Java\javapath;C:\Program Files (x86)\Intel\iCLS Client;C:\Program Files\Intel\iCLS Client;C:\WINDOWS\system32;C:\WINDOWS;C:\WINDOWS\System32\Wbem;C:\WINDOWS\System32\WindowsPowerShell\v1.0;C:\Program Files (x86)\Intel\Intel(R) Management Engine Components\DAL;C:\Program Files\Intel\Intel(R) Management Engine Components\DAL;C:\Program Files (x86)\Intel\Intel(R) Management Engine Components\IPT;C:\Program Files\Intel\Intel(R) Management Engine Components\IPT;C:\Program Files (x86)\NVIDIA Corporation\PhysX\Common;C:\Program Files\MATLAB\R2016a\runtime\win64;C:\Program Files\MATLAB\R2016a\bin;C:\Program Files\MATLAB\R2016a\polyspace\bin;C:\Program Files (x86)\Brackets\command;C:\Program Files\Git\cmd;C:\Program Files\Git\mingw64\bin;C:\Program Files\Git\usr\bin;C:\Program Files\Java\jdk-9.0.1\bin;C:\WINDOWS\system32;C:\WINDOWS;C:\WINDOWS\System32\Wbem;C:\WINDOWS\System32\WindowsPowerShell\v1.0;C:\WINDOWS\System32\OpenSSH;C:\Program Files\Java\jdk-9.0.1\bin;C:\Users\Bence\AppData\Local\Microsoft\WindowsApps, MANPATH=C:\Program Files\Git\mingw64\share\man;C:\Program Files\Git\usr\local\man;C:\Program Files\Git\usr\share\man;C:\Program Files\Git\usr\man;C:\Program Files\Git\share\man, MINGW_PACKAGE_PREFIX=mingw-w64-x86_64, USERDOMAIN=BENCE-RIG22, LOGONSERVER=\\BENCE-RIG22, JAVA_HOME=C:\Program Files\Java\jdk-9.0.1, PLINK_PROTOCOL=ssh, TERM=xterm, LANG=en_US.UTF-8, MINGW_PREFIX=C:/Program Files/Git/mingw64, DISPLAY=needs-to-be-defined, MSYSTEM=MINGW64, OneDrive=C:\Users\Bence\OneDrive, APPDATA=C:\Users\Bence\AppData\Roaming, SYSTEMROOT=C:\WINDOWS, OS=Windows_NT, COMPUTERNAME=BENCE-RIG22, COMMONPROGRAMFILES=C:\Program Files\Common Files, COMSPEC=C:\WINDOWS\system32\cmd.exe, PROCESSOR_REVISION=5e03, CommonProgramW6432=C:\Program Files\Common Files, ACLOCAL_PATH=C:\Program Files\Git\mingw64\share\aclocal;C:\Program Files\Git\usr\share\aclocal, MSYSTEM_CARCH=x86_64, TEMP=C:\Users\Bence\AppData\Local\Temp, HOSTNAME=BENCE-RIG22, HOMEDRIVE=C:, USERPROFILE=C:\Users\Bence, TMP=C:\Users\Bence\AppData\Local\Temp, CommonProgramFiles(x86)=C:\Program Files (x86)\Common Files, NUMBER_OF_PROCESSORS=8, HOME=C:\Users\Bence}}]
23:03:49.042 [Test worker] DEBUG org.springframework.core.io.support.PathMatchingResourcePatternResolver - Resolved classpath location [com/homeproject/workplacelogger/] to resources [URL [file:/C:/Users/Bence/Documents/STSWorkspace/WorkPlaceLogger/build/classes/java/test/com/homeproject/workplacelogger/], URL [file:/C:/Users/Bence/Documents/STSWorkspace/WorkPlaceLogger/build/classes/java/main/com/homeproject/workplacelogger/]]
23:03:49.042 [Test worker] DEBUG org.springframework.core.io.support.PathMatchingResourcePatternResolver - Looking for matching resources in directory tree [C:\Users\Bence\Documents\STSWorkspace\WorkPlaceLogger\build\classes\java\test\com\homeproject\workplacelogger]
23:03:49.043 [Test worker] DEBUG org.springframework.core.io.support.PathMatchingResourcePatternResolver - Searching directory [C:\Users\Bence\Documents\STSWorkspace\WorkPlaceLogger\build\classes\java\test\com\homeproject\workplacelogger] for files matching pattern [C:/Users/Bence/Documents/STSWorkspace/WorkPlaceLogger/build/classes/java/test/com/homeproject/workplacelogger/*.class]
23:03:49.045 [Test worker] DEBUG org.springframework.core.io.support.PathMatchingResourcePatternResolver - Looking for matching resources in directory tree [C:\Users\Bence\Documents\STSWorkspace\WorkPlaceLogger\build\classes\java\main\com\homeproject\workplacelogger]
23:03:49.045 [Test worker] DEBUG org.springframework.core.io.support.PathMatchingResourcePatternResolver - Searching directory [C:\Users\Bence\Documents\STSWorkspace\WorkPlaceLogger\build\classes\java\main\com\homeproject\workplacelogger] for files matching pattern [C:/Users/Bence/Documents/STSWorkspace/WorkPlaceLogger/build/classes/java/main/com/homeproject/workplacelogger/*.class]
23:03:49.046 [Test worker] DEBUG org.springframework.core.io.support.PathMatchingResourcePatternResolver - Resolved location pattern [classpath*:com/homeproject/workplacelogger/*.class] to resources [file [C:\Users\Bence\Documents\STSWorkspace\WorkPlaceLogger\build\classes\java\test\com\homeproject\workplacelogger\WorkPlaceLoggerApplicationTests.class], file [C:\Users\Bence\Documents\STSWorkspace\WorkPlaceLogger\build\classes\java\main\com\homeproject\workplacelogger\WorkPlaceLoggerApplication.class]]
23:03:49.081 [Test worker] DEBUG org.springframework.context.annotation.ClassPathScanningCandidateComponentProvider - Identified candidate component class: file [C:\Users\Bence\Documents\STSWorkspace\WorkPlaceLogger\build\classes\java\main\com\homeproject\workplacelogger\WorkPlaceLoggerApplication.class]
23:03:49.082 [Test worker] INFO org.springframework.boot.test.context.SpringBootTestContextBootstrapper - Found @SpringBootConfiguration com.homeproject.workplacelogger.WorkPlaceLoggerApplication for test class com.homeproject.workplacelogger.WorkPlaceLoggerApplicationTests
23:03:49.158 [Test worker] DEBUG org.springframework.boot.test.context.SpringBootTestContextBootstrapper - @TestExecutionListeners is not present for class [com.homeproject.workplacelogger.WorkPlaceLoggerApplicationTests]: using defaults.
23:03:49.158 [Test worker] INFO org.springframework.boot.test.context.SpringBootTestContextBootstrapper - Loaded default TestExecutionListener class names from location [META-INF/spring.factories]: [org.springframework.boot.test.autoconfigure.restdocs.RestDocsTestExecutionListener, org.springframework.boot.test.autoconfigure.web.client.MockRestServiceServerResetTestExecutionListener, org.springframework.boot.test.autoconfigure.web.servlet.MockMvcPrintOnlyOnFailureTestExecutionListener, org.springframework.boot.test.autoconfigure.web.servlet.WebDriverTestExecutionListener, org.springframework.boot.test.mock.mockito.MockitoTestExecutionListener, org.springframework.boot.test.mock.mockito.ResetMocksTestExecutionListener, org.springframework.test.context.web.ServletTestExecutionListener, org.springframework.test.context.support.DirtiesContextBeforeModesTestExecutionListener, org.springframework.test.context.support.DependencyInjectionTestExecutionListener, org.springframework.test.context.support.DirtiesContextTestExecutionListener, org.springframework.test.context.transaction.TransactionalTestExecutionListener, org.springframework.test.context.jdbc.SqlScriptsTestExecutionListener]
23:03:49.171 [Test worker] INFO org.springframework.boot.test.context.SpringBootTestContextBootstrapper - Using TestExecutionListeners: [org.springframework.test.context.web.ServletTestExecutionListener@55d6ae77, org.springframework.test.context.support.DirtiesContextBeforeModesTestExecutionListener@74548ef, org.springframework.boot.test.mock.mockito.MockitoTestExecutionListener@48126b24, org.springframework.boot.test.autoconfigure.SpringBootDependencyInjectionTestExecutionListener@1e2d4978, org.springframework.test.context.support.DirtiesContextTestExecutionListener@7e68e9dc, org.springframework.test.context.transaction.TransactionalTestExecutionListener@5347d4ce, org.springframework.test.context.jdbc.SqlScriptsTestExecutionListener@8d7dec9, org.springframework.boot.test.autoconfigure.restdocs.RestDocsTestExecutionListener@7c452022, org.springframework.boot.test.autoconfigure.web.client.MockRestServiceServerResetTestExecutionListener@455a007f, org.springframework.boot.test.autoconfigure.web.servlet.MockMvcPrintOnlyOnFailureTestExecutionListener@28d64dbe, org.springframework.boot.test.autoconfigure.web.servlet.WebDriverTestExecutionListener@1ec1fffb, org.springframework.boot.test.mock.mockito.ResetMocksTestExecutionListener@4bd08831]
23:03:49.172 [Test worker] DEBUG org.springframework.test.annotation.ProfileValueUtils - Retrieved @ProfileValueSourceConfiguration [null] for test class [com.homeproject.workplacelogger.WorkPlaceLoggerApplicationTests]
23:03:49.173 [Test worker] DEBUG org.springframework.test.annotation.ProfileValueUtils - Retrieved ProfileValueSource type [class org.springframework.test.annotation.SystemProfileValueSource] for class [com.homeproject.workplacelogger.WorkPlaceLoggerApplicationTests]
23:03:49.174 [Test worker] DEBUG org.springframework.test.annotation.ProfileValueUtils - Retrieved @ProfileValueSourceConfiguration [null] for test class [com.homeproject.workplacelogger.WorkPlaceLoggerApplicationTests]
23:03:49.174 [Test worker] DEBUG org.springframework.test.annotation.ProfileValueUtils - Retrieved ProfileValueSource type [class org.springframework.test.annotation.SystemProfileValueSource] for class [com.homeproject.workplacelogger.WorkPlaceLoggerApplicationTests]
23:03:49.177 [Test worker] DEBUG org.springframework.test.context.support.AbstractDirtiesContextTestExecutionListener - Before test class: context [DefaultTestContext@7495e289 testClass = WorkPlaceLoggerApplicationTests, testInstance = [null], testMethod = [null], testException = [null], mergedContextConfiguration = [WebMergedContextConfiguration@7ea0daa3 testClass = WorkPlaceLoggerApplicationTests, locations = '{}', classes = '{class com.homeproject.workplacelogger.WorkPlaceLoggerApplication}', contextInitializerClasses = '[]', activeProfiles = '{}', propertySourceLocations = '{}', propertySourceProperties = '{org.springframework.boot.test.context.SpringBootTestContextBootstrapper=true}', contextCustomizers = set[org.springframework.boot.test.autoconfigure.properties.PropertyMappingContextCustomizer@0, org.springframework.boot.test.autoconfigure.web.servlet.WebDriverContextCustomizerFactory$Customizer@298592f7, org.springframework.boot.test.context.filter.ExcludeFilterContextCustomizer@3d7c2717, org.springframework.boot.test.json.DuplicateJsonObjectContextCustomizerFactory$DuplicateJsonObjectContextCustomizer@875c9d8, org.springframework.boot.test.mock.mockito.MockitoContextCustomizer@0, org.springframework.boot.test.web.client.TestRestTemplateContextCustomizer@500a65e9], resourceBasePath = 'src/main/webapp', contextLoader = 'org.springframework.boot.test.context.SpringBootContextLoader', parent = [null]], attributes = map['org.springframework.test.context.web.ServletTestExecutionListener.activateListener' -> true]], class annotated with @DirtiesContext [false] with mode [null].
23:03:49.177 [Test worker] DEBUG org.springframework.test.annotation.ProfileValueUtils - Retrieved @ProfileValueSourceConfiguration [null] for test class [com.homeproject.workplacelogger.WorkPlaceLoggerApplicationTests]
23:03:49.178 [Test worker] DEBUG org.springframework.test.annotation.ProfileValueUtils - Retrieved ProfileValueSource type [class org.springframework.test.annotation.SystemProfileValueSource] for class [com.homeproject.workplacelogger.WorkPlaceLoggerApplicationTests]
23:03:49.190 [Test worker] DEBUG org.springframework.core.env.StandardEnvironment - Adding PropertySource 'systemProperties' with lowest search precedence
23:03:49.190 [Test worker] DEBUG org.springframework.core.env.StandardEnvironment - Adding PropertySource 'systemEnvironment' with lowest search precedence
23:03:49.190 [Test worker] DEBUG org.springframework.core.env.StandardEnvironment - Initialized StandardEnvironment with PropertySources [MapPropertySource@779527965 {name='systemProperties', properties={sun.desktop=windows, awt.toolkit=sun.awt.windows.WToolkit, java.specification.version=9, file.encoding.pkg=sun.io, sun.cpu.isalist=amd64, sun.jnu.encoding=Cp1252, org.gradle.test.worker=1, java.class.path=C:\\Users\\Bence\\.gradle\\caches\\4.5.1\\workerMain\\gradle-worker.jar;C:\\Users\\Bence\\Documents\\STSWorkspace\\WorkPlaceLogger\\build\\classes\\java\\test;C:\\Users\\Bence\\Documents\\STSWorkspace\\WorkPlaceLogger\\build\\resources\\test;C:\\Users\\Bence\\Documents\\STSWorkspace\\WorkPlaceLogger\\build\\classes\\java\\main;C:\\Users\\Bence\\Documents\\STSWorkspace\\WorkPlaceLogger\\build\\resources\\main;C:\\Users\\Bence\\.gradle\\caches\\modules-2\\files-2.1\\org.springframework.boot\\spring-boot-starter-data-jpa\\2.0.2.RELEASE\\a277d15c247684aaef38852a2e71b8b1ef7357e6\\spring-boot-starter-data-jpa-2.0.2.RELEASE.jar;C:\\Users\\Bence\\.gradle\\caches\\modules-2\\files-2.1\\org.springframework.boot\\spring-boot-starter-data-rest\\2.0.2.RELEASE\\1617ded563edcb560034293532d74a6c61132eea\\spring-boot-starter-data-rest-2.0.2.RELEASE.jar;C:\\Users\\Bence\\.gradle\\caches\\modules-2\\files-2.1\\org.springframework.boot\\spring-boot-starter-jdbc\\2.0.2.RELEASE\\f93c2459a06061f889b837d1c2503055df024778\\spring-boot-starter-jdbc-2.0.2.RELEASE.jar;C:\\Users\\Bence\\.gradle\\caches\\modules-2\\files-2.1\\org.springframework.boot\\spring-boot-starter-thymeleaf\\2.0.2.RELEASE\\1384e93480a1555897cfbec4592a41173acae714\\spring-boot-starter-thymeleaf-2.0.2.RELEASE.jar;C:\\Users\\Bence\\.gradle\\caches\\modules-2\\files-2.1\\org.springframework.boot\\spring-boot-starter-web\\2.0.2.RELEASE\\b6ef0cf4d0a7c6c7e93ff524b84cd1d8f87f67d9\\spring-boot-starter-web-2.0.2.RELEASE.jar;C:\\Users\\Bence\\.gradle\\caches\\modules-2\\files-2.1\\org.springframework.boot\\spring-boot-devtools\\2.0.2.RELEASE\\ed2b1c877b0c00ef7f961bd118e420a49de3c970\\spring-boot-devtools-2.0.2.RELEASE.jar;C:\\Users\\Bence\\.gradle\\caches\\modules-2\\files-2.1\\org.postgresql\\postgresql\\42.2.2\\7ebd60d15eec1f9e796d68212121d92e3dd566b2\\postgresql-42.2.2.jar;C:\\Users\\Bence\\.gradle\\caches\\modules-2\\files-2.1\\org.springframework.boot\\spring-boot-starter-test\\2.0.2.RELEASE\\d9e090412f318586e0f277e24740b79b58ef190b\\spring-boot-starter-test-2.0.2.RELEASE.jar;C:\\Users\\Bence\\.gradle\\caches\\modules-2\\files-2.1\\org.springframework.boot\\spring-boot-starter-aop\\2.0.2.RELEASE\\b0b0c7dcfdffaef1b04886c0279772905bc7e9d2\\spring-boot-starter-aop-2.0.2.RELEASE.jar;C:\\Users\\Bence\\.gradle\\caches\\modules-2\\files-2.1\\org.springframework.boot\\spring-boot-starter-json\\2.0.2.RELEASE\\5edda979838ced5314b8f58a958fe9d6b4b3badd\\spring-boot-starter-json-2.0.2.RELEASE.jar;C:\\Users\\Bence\\.gradle\\caches\\modules-2\\files-2.1\\org.springframework.boot\\spring-boot-starter\\2.0.2.RELEASE\\1cda94f0dfcf2b065191782a54b84d2abf96391\\spring-boot-starter-2.0.2.RELEASE.jar;C:\\Users\\Bence\\.gradle\\caches\\modules-2\\files-2.1\\org.hibernate\\hibernate-core\\5.2.17.Final\\f2dc36470e7a2ffcf6106bb1625ecf5b54bb5f65\\hibernate-core-5.2.17.Final.jar;C:\\Users\\Bence\\.gradle\\caches\\modules-2\\files-2.1\\javax.transaction\\javax.transaction-api\\1.2\\d81aff979d603edd90dcd8db2abc1f4ce6479e3e\\javax.transaction-api-1.2.jar;C:\\Users\\Bence\\.gradle\\caches\\modules-2\\files-2.1\\org.springframework.data\\spring-data-jpa\\2.0.7.RELEASE\\9f201f3d3435a9e5422e0edcff3475c46215ffb\\spring-data-jpa-2.0.7.RELEASE.jar;C:\\Users\\Bence\\.gradle\\caches\\modules-2\\files-2.1\\org.springframework\\spring-aspects\\5.0.6.RELEASE\\45a7631a64eb82625067587b9796d4418d9e0568\\spring-aspects-5.0.6.RELEASE.jar;C:\\Users\\Bence\\.gradle\\caches\\modules-2\\files-2.1\\org.springframework.data\\spring-data-rest-webmvc\\3.0.7.RELEASE\\684949215006f844591c6a8632356f483752fca0\\spring-data-rest-webmvc-3.0.7.RELEASE.jar;C:\\Users\\Bence\\.gradle\\caches\\modules-2\\files-2.1\\com.zaxxer\\HikariCP\\2.7.9\\a83113d2c091d0d0f853dad3217bd7df3beb6ae3\\HikariCP-2.7.9.jar;C:\\Users\\Bence\\.gradle\\caches\\modules-2\\files-2.1\\org.springframework\\spring-orm\\5.0.6.RELEASE\\7a08073597b79dfcd4db1cffa924f2b991a14a20\\spring-orm-5.0.6.RELEASE.jar;C:\\Users\\Bence\\.gradle\\caches\\modules-2\\files-2.1\\org.springframework\\spring-jdbc\\5.0.6.RELEASE\\7d4de1ee9b042774e09ceb88393e5a564e342729\\spring-jdbc-5.0.6.RELEASE.jar;C:\\Users\\Bence\\.gradle\\caches\\modules-2\\files-2.1\\org.thymeleaf\\thymeleaf-spring5\\3.0.9.RELEASE\\abf84efd83808a70d982d2790f7f3a7bd3a39cf4\\thymeleaf-spring5-3.0.9.RELEASE.jar;C:\\Users\\Bence\\.gradle\\caches\\modules-2\\files-2.1\\org.thymeleaf.extras\\thymeleaf-extras-java8time\\3.0.1.RELEASE\\d23760d1e53cd70c489ef40dc94ee6bd2371cceb\\thymeleaf-extras-java8time-3.0.1.RELEASE.jar;C:\\Users\\Bence\\.gradle\\caches\\modules-2\\files-2.1\\org.springframework.boot\\spring-boot-starter-tomcat\\2.0.2.RELEASE\\cedbfb18762e1c220007c768bfc5b773f5b30f8a\\spring-boot-starter-tomcat-2.0.2.RELEASE.jar;C:\\Users\\Bence\\.gradle\\caches\\modules-2\\files-2.1\\org.hibernate.validator\\hibernate-validator\\6.0.9.Final\\b149e4cce82379f11f6129eb3187ca8ae5404005\\hibernate-validator-6.0.9.Final.jar;C:\\Users\\Bence\\.gradle\\caches\\modules-2\\files-2.1\\org.springframework.data\\spring-data-rest-core\\3.0.7.RELEASE\\dd56b4f427987e1d5ab320eee6c3401e32557bb2\\spring-data-rest-core-3.0.7.RELEASE.jar;C:\\Users\\Bence\\.gradle\\caches\\modules-2\\files-2.1\\org.springframework.hateoas\\spring-hateoas\\0.24.0.RELEASE\\b6401a781a58e0b2ab95242a553683e04300fe69\\spring-hateoas-0.24.0.RELEASE.jar;C:\\Users\\Bence\\.gradle\\caches\\modules-2\\files-2.1\\org.springframework\\spring-webmvc\\5.0.6.RELEASE\\1361c5d1cf46665ee01de5dc1ca447c3be174c19\\spring-webmvc-5.0.6.RELEASE.jar;C:\\Users\\Bence\\.gradle\\caches\\modules-2\\files-2.1\\org.springframework\\spring-web\\5.0.6.RELEASE\\89e89de3025165998118590613aedc6df8d64af6\\spring-web-5.0.6.RELEASE.jar;C:\\Users\\Bence\\.gradle\\caches\\modules-2\\files-2.1\\org.springframework.boot\\spring-boot-test-autoconfigure\\2.0.2.RELEASE\\4993bdd96a4c02bc5b5703862d99ef4c563f25d0\\spring-boot-test-autoconfigure-2.0.2.RELEASE.jar;C:\\Users\\Bence\\.gradle\\caches\\modules-2\\files-2.1\\org.springframework.boot\\spring-boot-autoconfigure\\2.0.2.RELEASE\\f4b25e753e4955337a138d8b1550236b5efe5b3b\\spring-boot-autoconfigure-2.0.2.RELEASE.jar;C:\\Users\\Bence\\.gradle\\caches\\modules-2\\files-2.1\\org.springframework.boot\\spring-boot-test\\2.0.2.RELEASE\\fc85812e6543312a3b0ea9fbbdfd4a51183380a3\\spring-boot-test-2.0.2.RELEASE.jar;C:\\Users\\Bence\\.gradle\\caches\\modules-2\\files-2.1\\org.springframework.boot\\spring-boot\\2.0.2.RELEASE\\15012cf02e9f77938244e554f0598535fdd1cb38\\spring-boot-2.0.2.RELEASE.jar;C:\\Users\\Bence\\.gradle\\caches\\modules-2\\files-2.1\\com.jayway.jsonpath\\json-path\\2.4.0\\765a4401ceb2dc8d40553c2075eb80a8fa35c2ae\\json-path-2.4.0.jar;C:\\Users\\Bence\\.gradle\\caches\\modules-2\\files-2.1\\junit\\junit\\4.12\\2973d150c0dc1fefe998f834810d68f278ea58ec\\junit-4.12.jar;C:\\Users\\Bence\\.gradle\\caches\\modules-2\\files-2.1\\org.assertj\\assertj-core\\3.9.1\\c5ce126b15f28d56cd8f960c1a6a058b9c9aea87\\assertj-core-3.9.1.jar;C:\\Users\\Bence\\.gradle\\caches\\modules-2\\files-2.1\\org.mockito\\mockito-core\\2.15.0\\b84bfbbc29cd22c9529409627af6ea2897f4fa85\\mockito-core-2.15.0.jar;C:\\Users\\Bence\\.gradle\\caches\\modules-2\\files-2.1\\org.hamcrest\\hamcrest-library\\1.3\\4785a3c21320980282f9f33d0d1264a69040538f\\hamcrest-library-1.3.jar;C:\\Users\\Bence\\.gradle\\caches\\modules-2\\files-2.1\\org.hamcrest\\hamcrest-core\\1.3\\42a25dc3219429f0e5d060061f71acb49bf010a0\\hamcrest-core-1.3.jar;C:\\Users\\Bence\\.gradle\\caches\\modules-2\\files-2.1\\org.skyscreamer\\jsonassert\\1.5.0\\6c9d5fe2f59da598d9aefc1cfc6528ff3cf32df3\\jsonassert-1.5.0.jar;C:\\Users\\Bence\\.gradle\\caches\\modules-2\\files-2.1\\org.springframework\\spring-test\\5.0.6.RELEASE\\dbc99b288774b2e07d94bc14fe38d556bc3ed34a\\spring-test-5.0.6.RELEASE.jar;C:\\Users\\Bence\\.gradle\\caches\\modules-2\\files-2.1\\org.springframework.plugin\\spring-plugin-core\\1.2.0.RELEASE\\f380e7760032e7d929184f8ad8a33716b75c0657\\spring-plugin-core-1.2.0.RELEASE.jar;C:\\Users\\Bence\\.gradle\\caches\\modules-2\\files-2.1\\org.springframework\\spring-context\\5.0.6.RELEASE\\8b73b742ef0ddce04f0f1068f305de240b00ce0d\\spring-context-5.0.6.RELEASE.jar;C:\\Users\\Bence\\.gradle\\caches\\modules-2\\files-2.1\\org.springframework\\spring-tx\\5.0.6.RELEASE\\1b6ffc44f2d59507a0fce1084fcc21788b13904\\spring-tx-5.0.6.RELEASE.jar;C:\\Users\\Bence\\.gradle\\caches\\modules-2\\files-2.1\\org.springframework\\spring-aop\\5.0.6.RELEASE\\74078df698992054c1c1a8f705763a6c7b4b914c\\spring-aop-5.0.6.RELEASE.jar;C:\\Users\\Bence\\.gradle\\caches\\modules-2\\files-2.1\\org.springframework.data\\spring-data-commons\\2.0.7.RELEASE\\7faa0fb2ffa50a5c50ad9f10118095ae24d5c6e1\\spring-data-commons-2.0.7.RELEASE.jar;C:\\Users\\Bence\\.gradle\\caches\\modules-2\\files-2.1\\org.springframework\\spring-beans\\5.0.6.RELEASE\\d609b83cd8a71650a70778cf8d02c9a05b9161fe\\spring-beans-5.0.6.RELEASE.jar;C:\\Users\\Bence\\.gradle\\caches\\modules-2\\files-2.1\\org.springframework\\spring-expression\\5.0.6.RELEASE\\dec57ae5e6f0dfd4c6cfc199aa13ed268c3e1a65\\spring-expression-5.0.6.RELEASE.jar;C:\\Users\\Bence\\.gradle\\caches\\modules-2\\files-2.1\\org.springframework\\spring-core\\5.0.6.RELEASE\\984a52455b1be596b7f1a29f62d21d2f483eb764\\spring-core-5.0.6.RELEASE.jar;C:\\Users\\Bence\\.gradle\\caches\\modules-2\\files-2.1\\org.xmlunit\\xmlunit-core\\2.5.1\\4ffdb346572a7356f7521cd3119ce5287d2e339d\\xmlunit-core-2.5.1.jar;C:\\Users\\Bence\\.gradle\\caches\\modules-2\\files-2.1\\org.springframework.boot\\spring-boot-starter-logging\\2.0.2.RELEASE\\b56d7d1931792d6e58dbd41f956912359ba85238\\spring-boot-starter-logging-2.0.2.RELEASE.jar;C:\\Users\\Bence\\.gradle\\caches\\modules-2\\files-2.1\\javax.annotation\\javax.annotation-api\\1.3.2\\934c04d3cfef185a8008e7bf34331b79730a9d43\\javax.annotation-api-1.3.2.jar;C:\\Users\\Bence\\.gradle\\caches\\modules-2\\files-2.1\\org.yaml\\snakeyaml\\1.19\\2d998d3d674b172a588e54ab619854d073f555b5\\snakeyaml-1.19.jar;C:\\Users\\Bence\\.gradle\\caches\\modules-2\\files-2.1\\org.aspectj\\aspectjweaver\\1.8.13\\ad94df2a28d658a40dc27bbaff6a1ce5fbf04e9b\\aspectjweaver-1.8.13.jar;C:\\Users\\Bence\\.gradle\\caches\\modules-2\\files-2.1\\org.hibernate.common\\hibernate-commons-annotations\\5.0.1.Final\\71e1cff3fcb20d3b3af4f3363c3ddb24d33c6879\\hibernate-commons-annotations-5.0.1.Final.jar;C:\\Users\\Bence\\.gradle\\caches\\modules-2\\files-2.1\\org.jboss.logging\\jboss-logging\\3.3.2.Final\\3789d00e859632e6c6206adc0c71625559e6e3b0\\jboss-logging-3.3.2.Final.jar;C:\\Users\\Bence\\.gradle\\caches\\modules-2\\files-2.1\\org.hibernate.javax.persistence\\hibernate-jpa-2.1-api\\1.0.0.Final\\5e731d961297e5a07290bfaf3db1fbc8bbbf405a\\hibernate-jpa-2.1-api-1.0.0.Final.jar;C:\\Users\\Bence\\.gradle\\caches\\modules-2\\files-2.1\\org.javassist\\javassist\\3.22.0-GA\\3e83394258ae2089be7219b971ec21a8288528ad\\javassist-3.22.0-GA.jar;C:\\Users\\Bence\\.gradle\\caches\\modules-2\\files-2.1\\antlr\\antlr\\2.7.7\\83cd2cd674a217ade95a4bb83a8a14f351f48bd0\\antlr-2.7.7.jar;C:\\Users\\Bence\\.gradle\\caches\\modules-2\\files-2.1\\org.jboss\\jandex\\2.0.3.Final\\bfc4d6257dbff7a33a357f0de116be6ff951d849\\jandex-2.0.3.Final.jar;C:\\Users\\Bence\\.gradle\\caches\\modules-2\\files-2.1\\com.fasterxml\\classmate\\1.3.4\\3d5f48f10bbe4eb7bd862f10c0583be2e0053c6\\classmate-1.3.4.jar;C:\\Users\\Bence\\.gradle\\caches\\modules-2\\files-2.1\\dom4j\\dom4j\\1.6.1\\5d3ccc056b6f056dbf0dddfdf43894b9065a8f94\\dom4j-1.6.1.jar;C:\\Users\\Bence\\.gradle\\caches\\modules-2\\files-2.1\\org.thymeleaf\\thymeleaf\\3.0.9.RELEASE\\64185cca50ac808ad034841c84b4013f955465d2\\thymeleaf-3.0.9.RELEASE.jar;C:\\Users\\Bence\\.gradle\\caches\\modules-2\\files-2.1\\ch.qos.logback\\logback-classic\\1.2.3\\7c4f3c474fb2c041d8028740440937705ebb473a\\logback-classic-1.2.3.jar;C:\\Users\\Bence\\.gradle\\caches\\modules-2\\files-2.1\\org.apache.logging.log4j\\log4j-to-slf4j\\2.10.0\\f7e631ccf49cfc0aefa4a2a728da7d374c05bd3c\\log4j-to-slf4j-2.10.0.jar;C:\\Users\\Bence\\.gradle\\caches\\modules-2\\files-2.1\\org.slf4j\\jul-to-slf4j\\1.7.25\\af5364cd6679bfffb114f0dec8a157aaa283b76\\jul-to-slf4j-1.7.25.jar;C:\\Users\\Bence\\.gradle\\caches\\modules-2\\files-2.1\\org.slf4j\\slf4j-api\\1.7.25\\da76ca59f6a57ee3102f8f9bd9cee742973efa8a\\slf4j-api-1.7.25.jar;C:\\Users\\Bence\\.gradle\\caches\\modules-2\\files-2.1\\com.fasterxml.jackson.datatype\\jackson-datatype-jdk8\\2.9.5\\23e37f085279ba316c0df923513b81609e1d1f6\\jackson-datatype-jdk8-2.9.5.jar;C:\\Users\\Bence\\.gradle\\caches\\modules-2\\files-2.1\\com.fasterxml.jackson.datatype\\jackson-datatype-jsr310\\2.9.5\\d1f0d11e816bc04e222a261106ca138801841c2d\\jackson-datatype-jsr310-2.9.5.jar;C:\\Users\\Bence\\.gradle\\caches\\modules-2\\files-2.1\\com.fasterxml.jackson.module\\jackson-module-parameter-names\\2.9.5\\f824c60751ffb7bfc3a0d30dfe0e42317d8e67f5\\jackson-module-parameter-names-2.9.5.jar;C:\\Users\\Bence\\.gradle\\caches\\modules-2\\files-2.1\\com.fasterxml.jackson.core\\jackson-databind\\2.9.5\\3490508379d065fe3fcb80042b62f630f7588606\\jackson-databind-2.9.5.jar;C:\\Users\\Bence\\.gradle\\caches\\modules-2\\files-2.1\\com.fasterxml.jackson.core\\jackson-annotations\\2.9.0\\7c10d545325e3a6e72e06381afe469fd40eb701\\jackson-annotations-2.9.0.jar;C:\\Users\\Bence\\.gradle\\caches\\modules-2\\files-2.1\\org.apache.tomcat.embed\\tomcat-embed-websocket\\8.5.31\\6564e716b89de5eaa0dd234ae7989576503ddf3\\tomcat-embed-websocket-8.5.31.jar;C:\\Users\\Bence\\.gradle\\caches\\modules-2\\files-2.1\\org.apache.tomcat.embed\\tomcat-embed-core\\8.5.31\\f5adf7ed8c34aa005b22b6a2dc7b6796e10e9c79\\tomcat-embed-core-8.5.31.jar;C:\\Users\\Bence\\.gradle\\caches\\modules-2\\files-2.1\\org.apache.tomcat.embed\\tomcat-embed-el\\8.5.31\\3a536e1ac71b82627c3a7408eb38fa0704cb9034\\tomcat-embed-el-8.5.31.jar;C:\\Users\\Bence\\.gradle\\caches\\modules-2\\files-2.1\\javax.validation\\validation-api\\2.0.1.Final\\cb855558e6271b1b32e716d24cb85c7f583ce09e\\validation-api-2.0.1.Final.jar;C:\\Users\\Bence\\.gradle\\caches\\modules-2\\files-2.1\\net.minidev\\json-smart\\2.3\\7396407491352ce4fa30de92efb158adb76b5b\\json-smart-2.3.jar;C:\\Users\\Bence\\.gradle\\caches\\modules-2\\files-2.1\\net.bytebuddy\\byte-buddy\\1.7.11\\f02857a4e2c66ccbe7aaad6100a0a6c461bce9b3\\byte-buddy-1.7.11.jar;C:\\Users\\Bence\\.gradle\\caches\\modules-2\\files-2.1\\net.bytebuddy\\byte-buddy-agent\\1.7.11\\b425a8933ca07edd03c6dbc8bc3b595fba9780de\\byte-buddy-agent-1.7.11.jar;C:\\Users\\Bence\\.gradle\\caches\\modules-2\\files-2.1\\org.objenesis\\objenesis\\2.6\\639033469776fd37c08358c6b92a4761feb2af4b\\objenesis-2.6.jar;C:\\Users\\Bence\\.gradle\\caches\\modules-2\\files-2.1\\com.vaadin.external.google\\android-json\\0.0.20131108.vaadin1\\fa26d351fe62a6a17f5cda1287c1c6110dec413f\\android-json-0.0.20131108.vaadin1.jar;C:\\Users\\Bence\\.gradle\\caches\\modules-2\\files-2.1\\org.springframework\\spring-jcl\\5.0.6.RELEASE\\295ee4e8657e9c1fd327735c01d5fbce339cc44d\\spring-jcl-5.0.6.RELEASE.jar;C:\\Users\\Bence\\.gradle\\caches\\modules-2\\files-2.1\\com.fasterxml.jackson.core\\jackson-core\\2.9.5\\a22ac51016944b06fd9ffbc9541c6e7ce5eea117\\jackson-core-2.9.5.jar;C:\\Users\\Bence\\.gradle\\caches\\modules-2\\files-2.1\\org.atteo\\evo-inflector\\1.2.2\\2551aad98d65ac5464d81fe05f0e1516cfe471c9\\evo-inflector-1.2.2.jar;C:\\Users\\Bence\\.gradle\\caches\\modules-2\\files-2.1\\org.attoparser\\attoparser\\2.0.4.RELEASE\\5cf02c4d8303a81f0c80971bb1dcd40d3ba96009\\attoparser-2.0.4.RELEASE.jar;C:\\Users\\Bence\\.gradle\\caches\\modules-2\\files-2.1\\org.unbescape\\unbescape\\1.1.5.RELEASE\\46dc644ea9c234317d926ebac5bf5d8f114dc1ba\\unbescape-1.1.5.RELEASE.jar;C:\\Users\\Bence\\.gradle\\caches\\modules-2\\files-2.1\\net.minidev\\accessors-smart\\1.2\\c592b500269bfde36096641b01238a8350f8aa31\\accessors-smart-1.2.jar;C:\\Users\\Bence\\.gradle\\caches\\modules-2\\files-2.1\\ch.qos.logback\\logback-core\\1.2.3\\864344400c3d4d92dfeb0a305dc87d953677c03c\\logback-core-1.2.3.jar;C:\\Users\\Bence\\.gradle\\caches\\modules-2\\files-2.1\\org.apache.logging.log4j\\log4j-api\\2.10.0\\fec5797a55b786184a537abd39c3fa1449d752d6\\log4j-api-2.10.0.jar;C:\\Users\\Bence\\.gradle\\caches\\modules-2\\files-2.1\\org.ow2.asm\\asm\\5.0.4\\da08b8cce7bbf903602a25a3a163ae252435795\\asm-5.0.4.jar, java.vm.vendor=Oracle Corporation, sun.arch.data.model=64, user.variant=, java.vendor.url=http://java.oracle.com/, user.timezone=Europe/Prague, os.name=Windows 10, java.vm.specification.version=9, user.country=US, sun.java.launcher=SUN_STANDARD, sun.boot.library.path=C:\Program Files\Java\jdk-9.0.1\bin, sun.java.command=worker.org.gradle.process.internal.worker.GradleWorkerMain 'Gradle Test Executor 1', jdk.debug=release, sun.cpu.endian=little, user.home=C:\Users\Bence, user.language=en, java.specification.vendor=Oracle Corporation, org.gradle.native=false, java.home=C:\Program Files\Java\jdk-9.0.1, file.separator=\, java.vm.compressedOopsMode=Zero based, line.separator=
, java.specification.name=Java Platform API Specification, java.vm.specification.vendor=Oracle Corporation, java.awt.graphicsenv=sun.awt.Win32GraphicsEnvironment, user.script=, sun.management.compiler=HotSpot 64-Bit Tiered Compilers, java.runtime.version=9.0.1+11, user.name=Bence, path.separator=;, os.version=10.0, java.runtime.name=Java(TM) SE Runtime Environment, file.encoding=windows-1252, java.vm.name=Java HotSpot(TM) 64-Bit Server VM, java.vendor.url.bug=http://bugreport.java.com/bugreport/, java.io.tmpdir=C:\Users\Bence\AppData\Local\Temp\, java.version=9.0.1, user.dir=C:\Users\Bence\Documents\STSWorkspace\WorkPlaceLogger, os.arch=amd64, java.vm.specification.name=Java Virtual Machine Specification, java.awt.printerjob=sun.awt.windows.WPrinterJob, sun.os.patch.level=, java.library.path=C:\Program Files\Java\jdk-9.0.1\bin;C:\WINDOWS\Sun\Java\bin;C:\WINDOWS\system32;C:\WINDOWS;C:\Users\Bence\bin;C:\Program Files\Git\mingw64\bin;C:\Program Files\Git\usr\local\bin;C:\Program Files\Git\usr\bin;C:\Program Files\Git\usr\bin;C:\Program Files\Git\mingw64\bin;C:\Program Files\Git\usr\bin;C:\Users\Bence\bin;C:\ProgramData\Oracle\Java\javapath;C:\Program Files (x86)\Intel\iCLS Client;C:\Program Files\Intel\iCLS Client;C:\WINDOWS\system32;C:\WINDOWS;C:\WINDOWS\System32\Wbem;C:\WINDOWS\System32\WindowsPowerShell\v1.0;C:\Program Files (x86)\Intel\Intel(R) Management Engine Components\DAL;C:\Program Files\Intel\Intel(R) Management Engine Components\DAL;C:\Program Files (x86)\Intel\Intel(R) Management Engine Components\IPT;C:\Program Files\Intel\Intel(R) Management Engine Components\IPT;C:\Program Files (x86)\NVIDIA Corporation\PhysX\Common;C:\Program Files\MATLAB\R2016a\runtime\win64;C:\Program Files\MATLAB\R2016a\bin;C:\Program Files\MATLAB\R2016a\polyspace\bin;C:\Program Files (x86)\Brackets\command;C:\Program Files\Git\cmd;C:\Program Files\Git\mingw64\bin;C:\Program Files\Git\usr\bin;C:\Program Files\Java\jdk-9.0.1\bin;C:\WINDOWS\system32;C:\WINDOWS;C:\WINDOWS\System32\Wbem;C:\WINDOWS\System32\WindowsPowerShell\v1.0;C:\WINDOWS\System32\OpenSSH;C:\Program Files\Java\jdk-9.0.1\bin;C:\Users\Bence\AppData\Local\Microsoft\WindowsApps;C:\Program Files\Git\usr\bin\vendor_perl;C:\Program Files\Git\usr\bin\core_perl;., java.vm.info=mixed mode, java.vendor=Oracle Corporation, java.vm.version=9.0.1+11, sun.io.unicode.encoding=UnicodeLittle, java.class.version=53.0}}, SystemEnvironmentPropertySource@531362888 {name='systemEnvironment', properties={PATH=C:\Users\Bence\bin;C:\Program Files\Git\mingw64\bin;C:\Program Files\Git\usr\local\bin;C:\Program Files\Git\usr\bin;C:\Program Files\Git\usr\bin;C:\Program Files\Git\mingw64\bin;C:\Program Files\Git\usr\bin;C:\Users\Bence\bin;C:\ProgramData\Oracle\Java\javapath;C:\Program Files (x86)\Intel\iCLS Client;C:\Program Files\Intel\iCLS Client;C:\WINDOWS\system32;C:\WINDOWS;C:\WINDOWS\System32\Wbem;C:\WINDOWS\System32\WindowsPowerShell\v1.0;C:\Program Files (x86)\Intel\Intel(R) Management Engine Components\DAL;C:\Program Files\Intel\Intel(R) Management Engine Components\DAL;C:\Program Files (x86)\Intel\Intel(R) Management Engine Components\IPT;C:\Program Files\Intel\Intel(R) Management Engine Components\IPT;C:\Program Files (x86)\NVIDIA Corporation\PhysX\Common;C:\Program Files\MATLAB\R2016a\runtime\win64;C:\Program Files\MATLAB\R2016a\bin;C:\Program Files\MATLAB\R2016a\polyspace\bin;C:\Program Files (x86)\Brackets\command;C:\Program Files\Git\cmd;C:\Program Files\Git\mingw64\bin;C:\Program Files\Git\usr\bin;C:\Program Files\Java\jdk-9.0.1\bin;C:\WINDOWS\system32;C:\WINDOWS;C:\WINDOWS\System32\Wbem;C:\WINDOWS\System32\WindowsPowerShell\v1.0;C:\WINDOWS\System32\OpenSSH;C:\Program Files\Java\jdk-9.0.1\bin;C:\Users\Bence\AppData\Local\Microsoft\WindowsApps;C:\Program Files\Git\usr\bin\vendor_perl;C:\Program Files\Git\usr\bin\core_perl, USERDOMAIN_ROAMINGPROFILE=BENCE-RIG22, PKG_CONFIG_PATH=C:\Program Files\Git\mingw64\lib\pkgconfig;C:\Program Files\Git\mingw64\share\pkgconfig, MSYSTEM_PREFIX=C:/Program Files/Git/mingw64, PROCESSOR_LEVEL=6, SYSTEMDRIVE=C:, CONFIG_SITE=C:/Program Files/Git/mingw64/etc/config.site, ALLUSERSPROFILE=C:\ProgramData, PROCESSOR_ARCHITECTURE=AMD64, __COMPAT_LAYER=RunAsAdmin, MSYSTEM_CHOST=x86_64-w64-mingw32, PSModulePath=C:\WINDOWS\system32\WindowsPowerShell\v1.0\Modules\;C:\Program Files\Intel\, ORIGINAL_TEMP=C:/Users/Bence/AppData/Local/Temp, PROGRAMFILES=C:\Program Files, USERNAME=Bence, PWD=C:/Users/Bence/Documents/STSWorkspace/WorkPlaceLogger, ProgramFiles(x86)=C:\Program Files (x86), INFOPATH=C:\Program Files\Git\usr\local\info;C:\Program Files\Git\usr\share\info;C:\Program Files\Git\usr\info;C:\Program Files\Git\share\info, PATHEXT=.COM;.EXE;.BAT;.CMD;.VBS;.VBE;.JS;.JSE;.WSF;.WSH;.MSC, SHELL=C:\Program Files\Git\usr\bin\bash.exe, DriverData=C:\Windows\System32\Drivers\DriverData, ORIGINAL_TMP=C:/Users/Bence/AppData/Local/Temp, OLDPWD=C:/Users/Bence/Documents/STSWorkspace/WorkPlaceLogger, TMPDIR=C:\Users\Bence\AppData\Local\Temp, WINDIR=C:\WINDOWS, ProgramData=C:\ProgramData, ProgramW6432=C:\Program Files, SSH_ASKPASS=C:/Program Files/Git/mingw64/libexec/git-core/git-gui--askpass, HOMEPATH=\Users\Bence, PROCESSOR_IDENTIFIER=Intel64 Family 6 Model 94 Stepping 3, GenuineIntel, PUBLIC=C:\Users\Public, MINGW_CHOST=x86_64-w64-mingw32, EXEPATH=C:\Program Files\Git, SHLVL=1, LOCALAPPDATA=C:\Users\Bence\AppData\Local, ORIGINAL_PATH=C:\Program Files\Git\mingw64\bin;C:\Program Files\Git\usr\bin;C:\Users\Bence\bin;C:\ProgramData\Oracle\Java\javapath;C:\Program Files (x86)\Intel\iCLS Client;C:\Program Files\Intel\iCLS Client;C:\WINDOWS\system32;C:\WINDOWS;C:\WINDOWS\System32\Wbem;C:\WINDOWS\System32\WindowsPowerShell\v1.0;C:\Program Files (x86)\Intel\Intel(R) Management Engine Components\DAL;C:\Program Files\Intel\Intel(R) Management Engine Components\DAL;C:\Program Files (x86)\Intel\Intel(R) Management Engine Components\IPT;C:\Program Files\Intel\Intel(R) Management Engine Components\IPT;C:\Program Files (x86)\NVIDIA Corporation\PhysX\Common;C:\Program Files\MATLAB\R2016a\runtime\win64;C:\Program Files\MATLAB\R2016a\bin;C:\Program Files\MATLAB\R2016a\polyspace\bin;C:\Program Files (x86)\Brackets\command;C:\Program Files\Git\cmd;C:\Program Files\Git\mingw64\bin;C:\Program Files\Git\usr\bin;C:\Program Files\Java\jdk-9.0.1\bin;C:\WINDOWS\system32;C:\WINDOWS;C:\WINDOWS\System32\Wbem;C:\WINDOWS\System32\WindowsPowerShell\v1.0;C:\WINDOWS\System32\OpenSSH;C:\Program Files\Java\jdk-9.0.1\bin;C:\Users\Bence\AppData\Local\Microsoft\WindowsApps, MANPATH=C:\Program Files\Git\mingw64\share\man;C:\Program Files\Git\usr\local\man;C:\Program Files\Git\usr\share\man;C:\Program Files\Git\usr\man;C:\Program Files\Git\share\man, MINGW_PACKAGE_PREFIX=mingw-w64-x86_64, USERDOMAIN=BENCE-RIG22, LOGONSERVER=\\BENCE-RIG22, JAVA_HOME=C:\Program Files\Java\jdk-9.0.1, PLINK_PROTOCOL=ssh, TERM=xterm, LANG=en_US.UTF-8, MINGW_PREFIX=C:/Program Files/Git/mingw64, DISPLAY=needs-to-be-defined, MSYSTEM=MINGW64, OneDrive=C:\Users\Bence\OneDrive, APPDATA=C:\Users\Bence\AppData\Roaming, SYSTEMROOT=C:\WINDOWS, OS=Windows_NT, COMPUTERNAME=BENCE-RIG22, COMMONPROGRAMFILES=C:\Program Files\Common Files, COMSPEC=C:\WINDOWS\system32\cmd.exe, PROCESSOR_REVISION=5e03, CommonProgramW6432=C:\Program Files\Common Files, ACLOCAL_PATH=C:\Program Files\Git\mingw64\share\aclocal;C:\Program Files\Git\usr\share\aclocal, MSYSTEM_CARCH=x86_64, TEMP=C:\Users\Bence\AppData\Local\Temp, HOSTNAME=BENCE-RIG22, HOMEDRIVE=C:, USERPROFILE=C:\Users\Bence, TMP=C:\Users\Bence\AppData\Local\Temp, CommonProgramFiles(x86)=C:\Program Files (x86)\Common Files, NUMBER_OF_PROCESSORS=8, HOME=C:\Users\Bence}}]
23:03:49.193 [Test worker] DEBUG org.springframework.test.context.support.TestPropertySourceUtils - Adding inlined properties to environment: {spring.jmx.enabled=false, org.springframework.boot.test.context.SpringBootTestContextBootstrapper=true, server.port=-1}
23:03:49.193 [Test worker] DEBUG org.springframework.core.env.StandardEnvironment - Adding PropertySource 'Inlined Test Properties' with highest search precedence

  .   ____          _            __ _ _
 /\\ / ___'_ __ _ _(_)_ __  __ _ \ \ \ \
( ( )\___ | '_ | '_| | '_ \/ _` | \ \ \ \
 \\/  ___)| |_)| | | | | || (_| |  ) ) ) )
  '  |____| .__|_| |_|_| |_\__, | / / / /
 =========|_|==============|___/=/_/_/_/
 :: Spring Boot ::        (v2.0.2.RELEASE)

2018-06-13 23:03:49.402  INFO 1200 --- [    Test worker] c.h.w.WorkPlaceLoggerApplicationTests    : Starting WorkPlaceLoggerApplicationTests on BENCE-RIG22 with PID 1200 (started by Bence in C:\Users\Bence\Documents\STSWorkspace\WorkPlaceLogger)
2018-06-13 23:03:49.403  INFO 1200 --- [    Test worker] c.h.w.WorkPlaceLoggerApplicationTests    : No active profile set, falling back to default profiles: default
2018-06-13 23:03:49.432  INFO 1200 --- [    Test worker] o.s.w.c.s.GenericWebApplicationContext   : Refreshing org.springframework.web.context.support.GenericWebApplicationContext@7c0059c6: startup date [Wed Jun 13 23:03:49 CEST 2018]; root of context hierarchy
2018-06-13 23:03:50.027  INFO 1200 --- [    Test worker] o.s.b.f.s.DefaultListableBeanFactory     : Overriding bean definition for bean 'httpRequestHandlerAdapter' with a different definition: replacing [Root bean: class [null]; scope=; abstract=false; lazyInit=false; autowireMode=3; dependencyCheck=0; autowireCandidate=true; primary=false; factoryBeanName=org.springframework.boot.autoconfigure.web.servlet.WebMvcAutoConfiguration$EnableWebMvcConfiguration; factoryMethodName=httpRequestHandlerAdapter; initMethodName=null; destroyMethodName=(inferred); defined in class path resource [org/springframework/boot/autoconfigure/web/servlet/WebMvcAutoConfiguration$EnableWebMvcConfiguration.class]] with [Root bean: class [null]; scope=; abstract=false; lazyInit=false; autowireMode=3; dependencyCheck=0; autowireCandidate=true; primary=false; factoryBeanName=org.springframework.data.rest.webmvc.config.RepositoryRestMvcConfiguration; factoryMethodName=httpRequestHandlerAdapter; initMethodName=null; destroyMethodName=(inferred); defined in class path resource [org/springframework/data/rest/webmvc/config/RepositoryRestMvcConfiguration.class]]
2018-06-13 23:03:50.386  WARN 1200 --- [    Test worker] o.s.w.c.s.GenericWebApplicationContext   : Exception encountered during context initialization - cancelling refresh attempt: org.springframework.beans.factory.UnsatisfiedDependencyException: Error creating bean with name 'activityServiceImpl': Unsatisfied dependency expressed through field 'activityRepository'; nested exception is org.springframework.beans.factory.NoSuchBeanDefinitionException: No qualifying bean of type 'com.homeproject.workplacelogger.Repository.ActivityRepository' available: expected at least 1 bean which qualifies as autowire candidate. Dependency annotations: {@org.springframework.beans.factory.annotation.Autowired(required=true)}
2018-06-13 23:03:50.391  INFO 1200 --- [    Test worker] ConditionEvaluationReportLoggingListener : 

Error starting ApplicationContext. To display the conditions report re-run your application with 'debug' enabled.
2018-06-13 23:03:50.472 ERROR 1200 --- [    Test worker] o.s.b.d.LoggingFailureAnalysisReporter   : 

***************************
APPLICATION FAILED TO START
***************************

Description:

Field activityRepository in com.homeproject.workplacelogger.Service.ActivityServiceImpl required a bean of type 'com.homeproject.workplacelogger.Repository.ActivityRepository' that could not be found.


Action:

Consider defining a bean of type 'com.homeproject.workplacelogger.Repository.ActivityRepository' in your configuration.

2018-06-13 23:03:50.476 ERROR 1200 --- [    Test worker] o.s.test.context.TestContextManager      : Caught exception while allowing TestExecutionListener [org.springframework.test.context.web.ServletTestExecutionListener@55d6ae77] to prepare test instance [com.homeproject.workplacelogger.WorkPlaceLoggerApplicationTests@2a90b4fb]

java.lang.IllegalStateException: Failed to load ApplicationContext
	at org.springframework.test.context.cache.DefaultCacheAwareContextLoaderDelegate.loadContext(DefaultCacheAwareContextLoaderDelegate.java:125) ~[spring-test-5.0.6.RELEASE.jar:5.0.6.RELEASE]
	at org.springframework.test.context.support.DefaultTestContext.getApplicationContext(DefaultTestContext.java:108) ~[spring-test-5.0.6.RELEASE.jar:5.0.6.RELEASE]
	at org.springframework.test.context.web.ServletTestExecutionListener.setUpRequestContextIfNecessary(ServletTestExecutionListener.java:190) ~[spring-test-5.0.6.RELEASE.jar:5.0.6.RELEASE]
	at org.springframework.test.context.web.ServletTestExecutionListener.prepareTestInstance(ServletTestExecutionListener.java:132) ~[spring-test-5.0.6.RELEASE.jar:5.0.6.RELEASE]
	at org.springframework.test.context.TestContextManager.prepareTestInstance(TestContextManager.java:246) ~[spring-test-5.0.6.RELEASE.jar:5.0.6.RELEASE]
	at org.springframework.test.context.junit4.SpringJUnit4ClassRunner.createTest(SpringJUnit4ClassRunner.java:227) [spring-test-5.0.6.RELEASE.jar:5.0.6.RELEASE]
	at org.springframework.test.context.junit4.SpringJUnit4ClassRunner$1.runReflectiveCall(SpringJUnit4ClassRunner.java:289) [spring-test-5.0.6.RELEASE.jar:5.0.6.RELEASE]
	at org.junit.internal.runners.model.ReflectiveCallable.run(ReflectiveCallable.java:12) [junit-4.12.jar:4.12]
	at org.springframework.test.context.junit4.SpringJUnit4ClassRunner.methodBlock(SpringJUnit4ClassRunner.java:291) [spring-test-5.0.6.RELEASE.jar:5.0.6.RELEASE]
	at org.springframework.test.context.junit4.SpringJUnit4ClassRunner.runChild(SpringJUnit4ClassRunner.java:246) [spring-test-5.0.6.RELEASE.jar:5.0.6.RELEASE]
	at org.springframework.test.context.junit4.SpringJUnit4ClassRunner.runChild(SpringJUnit4ClassRunner.java:97) [spring-test-5.0.6.RELEASE.jar:5.0.6.RELEASE]
	at org.junit.runners.ParentRunner$3.run(ParentRunner.java:290) [junit-4.12.jar:4.12]
	at org.junit.runners.ParentRunner$1.schedule(ParentRunner.java:71) [junit-4.12.jar:4.12]
	at org.junit.runners.ParentRunner.runChildren(ParentRunner.java:288) [junit-4.12.jar:4.12]
	at org.junit.runners.ParentRunner.access$000(ParentRunner.java:58) [junit-4.12.jar:4.12]
	at org.junit.runners.ParentRunner$2.evaluate(ParentRunner.java:268) [junit-4.12.jar:4.12]
	at org.springframework.test.context.junit4.statements.RunBeforeTestClassCallbacks.evaluate(RunBeforeTestClassCallbacks.java:61) [spring-test-5.0.6.RELEASE.jar:5.0.6.RELEASE]
	at org.springframework.test.context.junit4.statements.RunAfterTestClassCallbacks.evaluate(RunAfterTestClassCallbacks.java:70) [spring-test-5.0.6.RELEASE.jar:5.0.6.RELEASE]
	at org.junit.runners.ParentRunner.run(ParentRunner.java:363) [junit-4.12.jar:4.12]
	at org.springframework.test.context.junit4.SpringJUnit4ClassRunner.run(SpringJUnit4ClassRunner.java:190) [spring-test-5.0.6.RELEASE.jar:5.0.6.RELEASE]
	at org.gradle.api.internal.tasks.testing.junit.JUnitTestClassExecuter.runTestClass(JUnitTestClassExecuter.java:114) [gradle-testing-jvm-4.5.1.jar:4.5.1]
	at org.gradle.api.internal.tasks.testing.junit.JUnitTestClassExecuter.execute(JUnitTestClassExecuter.java:57) [gradle-testing-jvm-4.5.1.jar:4.5.1]
	at org.gradle.api.internal.tasks.testing.junit.JUnitTestClassProcessor.processTestClass(JUnitTestClassProcessor.java:66) [gradle-testing-jvm-4.5.1.jar:4.5.1]
	at org.gradle.api.internal.tasks.testing.SuiteTestClassProcessor.processTestClass(SuiteTestClassProcessor.java:51) [gradle-testing-base-4.5.1.jar:4.5.1]
	at java.base/jdk.internal.reflect.NativeMethodAccessorImpl.invoke0(Native Method) ~[na:na]
	at java.base/jdk.internal.reflect.NativeMethodAccessorImpl.invoke(NativeMethodAccessorImpl.java:62) ~[na:na]
	at java.base/jdk.internal.reflect.DelegatingMethodAccessorImpl.invoke(DelegatingMethodAccessorImpl.java:43) ~[na:na]
	at java.base/java.lang.reflect.Method.invoke(Method.java:564) ~[na:na]
	at org.gradle.internal.dispatch.ReflectionDispatch.dispatch(ReflectionDispatch.java:35) [gradle-messaging-4.5.1.jar:4.5.1]
	at org.gradle.internal.dispatch.ReflectionDispatch.dispatch(ReflectionDispatch.java:24) [gradle-messaging-4.5.1.jar:4.5.1]
	at org.gradle.internal.dispatch.ContextClassLoaderDispatch.dispatch(ContextClassLoaderDispatch.java:32) [gradle-messaging-4.5.1.jar:4.5.1]
	at org.gradle.internal.dispatch.ProxyDispatchAdapter$DispatchingInvocationHandler.invoke(ProxyDispatchAdapter.java:93) [gradle-messaging-4.5.1.jar:4.5.1]
	at com.sun.proxy.$Proxy1.processTestClass(Unknown Source) [na:na]
	at org.gradle.api.internal.tasks.testing.worker.TestWorker.processTestClass(TestWorker.java:108) [gradle-testing-base-4.5.1.jar:4.5.1]
	at java.base/jdk.internal.reflect.NativeMethodAccessorImpl.invoke0(Native Method) ~[na:na]
	at java.base/jdk.internal.reflect.NativeMethodAccessorImpl.invoke(NativeMethodAccessorImpl.java:62) ~[na:na]
	at java.base/jdk.internal.reflect.DelegatingMethodAccessorImpl.invoke(DelegatingMethodAccessorImpl.java:43) ~[na:na]
	at java.base/java.lang.reflect.Method.invoke(Method.java:564) ~[na:na]
	at org.gradle.internal.dispatch.ReflectionDispatch.dispatch(ReflectionDispatch.java:35) [gradle-messaging-4.5.1.jar:4.5.1]
	at org.gradle.internal.dispatch.ReflectionDispatch.dispatch(ReflectionDispatch.java:24) [gradle-messaging-4.5.1.jar:4.5.1]
	at org.gradle.internal.remote.internal.hub.MessageHubBackedObjectConnection$DispatchWrapper.dispatch(MessageHubBackedObjectConnection.java:146) [gradle-messaging-4.5.1.jar:4.5.1]
	at org.gradle.internal.remote.internal.hub.MessageHubBackedObjectConnection$DispatchWrapper.dispatch(MessageHubBackedObjectConnection.java:128) [gradle-messaging-4.5.1.jar:4.5.1]
	at org.gradle.internal.remote.internal.hub.MessageHub$Handler.run(MessageHub.java:404) [gradle-messaging-4.5.1.jar:4.5.1]
	at org.gradle.internal.concurrent.ExecutorPolicy$CatchAndRecordFailures.onExecute(ExecutorPolicy.java:63) [gradle-base-services-4.5.1.jar:4.5.1]
	at org.gradle.internal.concurrent.ManagedExecutorImpl$1.run(ManagedExecutorImpl.java:46) [gradle-base-services-4.5.1.jar:4.5.1]
	at java.base/java.util.concurrent.ThreadPoolExecutor.runWorker(ThreadPoolExecutor.java:1167) [na:na]
	at java.base/java.util.concurrent.ThreadPoolExecutor$Worker.run(ThreadPoolExecutor.java:641) [na:na]
	at org.gradle.internal.concurrent.ThreadFactoryImpl$ManagedThreadRunnable.run(ThreadFactoryImpl.java:55) [gradle-base-services-4.5.1.jar:4.5.1]
	at java.base/java.lang.Thread.run(Thread.java:844) [na:na]
Caused by: org.springframework.beans.factory.UnsatisfiedDependencyException: Error creating bean with name 'activityServiceImpl': Unsatisfied dependency expressed through field 'activityRepository'; nested exception is org.springframework.beans.factory.NoSuchBeanDefinitionException: No qualifying bean of type 'com.homeproject.workplacelogger.Repository.ActivityRepository' available: expected at least 1 bean which qualifies as autowire candidate. Dependency annotations: {@org.springframework.beans.factory.annotation.Autowired(required=true)}
	at org.springframework.beans.factory.annotation.AutowiredAnnotationBeanPostProcessor$AutowiredFieldElement.inject(AutowiredAnnotationBeanPostProcessor.java:587) ~[spring-beans-5.0.6.RELEASE.jar:5.0.6.RELEASE]
	at org.springframework.beans.factory.annotation.InjectionMetadata.inject(InjectionMetadata.java:91) ~[spring-beans-5.0.6.RELEASE.jar:5.0.6.RELEASE]
	at org.springframework.beans.factory.annotation.AutowiredAnnotationBeanPostProcessor.postProcessPropertyValues(AutowiredAnnotationBeanPostProcessor.java:373) ~[spring-beans-5.0.6.RELEASE.jar:5.0.6.RELEASE]
	at org.springframework.beans.factory.support.AbstractAutowireCapableBeanFactory.populateBean(AbstractAutowireCapableBeanFactory.java:1348) ~[spring-beans-5.0.6.RELEASE.jar:5.0.6.RELEASE]
	at org.springframework.beans.factory.support.AbstractAutowireCapableBeanFactory.doCreateBean(AbstractAutowireCapableBeanFactory.java:578) ~[spring-beans-5.0.6.RELEASE.jar:5.0.6.RELEASE]
	at org.springframework.beans.factory.support.AbstractAutowireCapableBeanFactory.createBean(AbstractAutowireCapableBeanFactory.java:501) ~[spring-beans-5.0.6.RELEASE.jar:5.0.6.RELEASE]
	at org.springframework.beans.factory.support.AbstractBeanFactory.lambda$doGetBean$0(AbstractBeanFactory.java:317) ~[spring-beans-5.0.6.RELEASE.jar:5.0.6.RELEASE]
	at org.springframework.beans.factory.support.DefaultSingletonBeanRegistry.getSingleton(DefaultSingletonBeanRegistry.java:228) ~[spring-beans-5.0.6.RELEASE.jar:5.0.6.RELEASE]
	at org.springframework.beans.factory.support.AbstractBeanFactory.doGetBean(AbstractBeanFactory.java:315) ~[spring-beans-5.0.6.RELEASE.jar:5.0.6.RELEASE]
	at org.springframework.beans.factory.support.AbstractBeanFactory.getBean(AbstractBeanFactory.java:199) ~[spring-beans-5.0.6.RELEASE.jar:5.0.6.RELEASE]
	at org.springframework.beans.factory.support.DefaultListableBeanFactory.preInstantiateSingletons(DefaultListableBeanFactory.java:760) ~[spring-beans-5.0.6.RELEASE.jar:5.0.6.RELEASE]
	at org.springframework.context.support.AbstractApplicationContext.finishBeanFactoryInitialization(AbstractApplicationContext.java:869) ~[spring-context-5.0.6.RELEASE.jar:5.0.6.RELEASE]
	at org.springframework.context.support.AbstractApplicationContext.refresh(AbstractApplicationContext.java:550) ~[spring-context-5.0.6.RELEASE.jar:5.0.6.RELEASE]
	at org.springframework.boot.SpringApplication.refresh(SpringApplication.java:759) ~[spring-boot-2.0.2.RELEASE.jar:2.0.2.RELEASE]
	at org.springframework.boot.SpringApplication.refreshContext(SpringApplication.java:395) ~[spring-boot-2.0.2.RELEASE.jar:2.0.2.RELEASE]
	at org.springframework.boot.SpringApplication.run(SpringApplication.java:327) ~[spring-boot-2.0.2.RELEASE.jar:2.0.2.RELEASE]
	at org.springframework.boot.test.context.SpringBootContextLoader.loadContext(SpringBootContextLoader.java:139) ~[spring-boot-test-2.0.2.RELEASE.jar:2.0.2.RELEASE]
	at org.springframework.test.context.cache.DefaultCacheAwareContextLoaderDelegate.loadContextInternal(DefaultCacheAwareContextLoaderDelegate.java:99) ~[spring-test-5.0.6.RELEASE.jar:5.0.6.RELEASE]
	at org.springframework.test.context.cache.DefaultCacheAwareContextLoaderDelegate.loadContext(DefaultCacheAwareContextLoaderDelegate.java:117) ~[spring-test-5.0.6.RELEASE.jar:5.0.6.RELEASE]
	... 48 common frames omitted
Caused by: org.springframework.beans.factory.NoSuchBeanDefinitionException: No qualifying bean of type 'com.homeproject.workplacelogger.Repository.ActivityRepository' available: expected at least 1 bean which qualifies as autowire candidate. Dependency annotations: {@org.springframework.beans.factory.annotation.Autowired(required=true)}
	at org.springframework.beans.factory.support.DefaultListableBeanFactory.raiseNoMatchingBeanFound(DefaultListableBeanFactory.java:1509) ~[spring-beans-5.0.6.RELEASE.jar:5.0.6.RELEASE]
	at org.springframework.beans.factory.support.DefaultListableBeanFactory.doResolveDependency(DefaultListableBeanFactory.java:1104) ~[spring-beans-5.0.6.RELEASE.jar:5.0.6.RELEASE]
	at org.springframework.beans.factory.support.DefaultListableBeanFactory.resolveDependency(DefaultListableBeanFactory.java:1065) ~[spring-beans-5.0.6.RELEASE.jar:5.0.6.RELEASE]
	at org.springframework.beans.factory.annotation.AutowiredAnnotationBeanPostProcessor$AutowiredFieldElement.inject(AutowiredAnnotationBeanPostProcessor.java:584) ~[spring-beans-5.0.6.RELEASE.jar:5.0.6.RELEASE]
	... 66 common frames omitted

]]></system-out>
  <system-err><![CDATA[]]></system-err>
</testsuite>
